2018-09-13 18:41:17 -Starting BootdoApplication on MS-20170813JNGD with PID 6736 (D:\workspace\bootdo\target\classes started by Administrator in D:\workspace\bootdo)
2018-09-13 18:41:17 -Running with Spring Boot v1.5.9.RELEASE, Spring v4.3.13.RELEASE
2018-09-13 18:41:17 -The following profiles are active: dev
2018-09-13 18:41:18 -Refreshing org.springframework.boot.context.embedded.AnnotationConfigEmbeddedWebApplicationContext@61001b64: startup date [Thu Sep 13 18:41:18 GMT+08:00 2018]; root of context hierarchy
2018-09-13 18:41:18 -HV000001: Hibernate Validator 5.3.6.Final
2018-09-13 18:41:24 -Multiple Spring Data modules found, entering strict repository configuration mode!
2018-09-13 18:41:27 -Bean 'org.springframework.cache.annotation.ProxyCachingConfiguration' of type [org.springframework.cache.annotation.ProxyCachingConfiguration$$EnhancerBySpringCGLIB$$42fd0b64] is not eligible for getting processed by all BeanPostProcessors (for example: not eligible for auto-proxying)
2018-09-13 18:41:28 -Bean 'org.springframework.boot.autoconfigure.cache.CacheAutoConfiguration' of type [org.springframework.boot.autoconfigure.cache.CacheAutoConfiguration$$EnhancerBySpringCGLIB$$3770d008] is not eligible for getting processed by all BeanPostProcessors (for example: not eligible for auto-proxying)
2018-09-13 18:41:28 -Bean 'spring.cache-org.springframework.boot.autoconfigure.cache.CacheProperties' of type [org.springframework.boot.autoconfigure.cache.CacheProperties] is not eligible for getting processed by all BeanPostProcessors (for example: not eligible for auto-proxying)
2018-09-13 18:41:28 -Bean 'cacheManagerCustomizers' of type [org.springframework.boot.autoconfigure.cache.CacheManagerCustomizers] is not eligible for getting processed by all BeanPostProcessors (for example: not eligible for auto-proxying)
2018-09-13 18:41:28 -Bean 'org.springframework.boot.autoconfigure.cache.EhCacheCacheConfiguration' of type [org.springframework.boot.autoconfigure.cache.EhCacheCacheConfiguration$$EnhancerBySpringCGLIB$$d20f9d06] is not eligible for getting processed by all BeanPostProcessors (for example: not eligible for auto-proxying)
2018-09-13 18:41:29 -Bean 'ehCacheCacheManager' of type [net.sf.ehcache.CacheManager] is not eligible for getting processed by all BeanPostProcessors (for example: not eligible for auto-proxying)
2018-09-13 18:41:30 -Bean 'cacheManager' of type [org.springframework.cache.ehcache.EhCacheCacheManager] is not eligible for getting processed by all BeanPostProcessors (for example: not eligible for auto-proxying)
2018-09-13 18:41:30 -Bean 'cacheAutoConfigurationValidator' of type [org.springframework.boot.autoconfigure.cache.CacheAutoConfiguration$CacheManagerValidator] is not eligible for getting processed by all BeanPostProcessors (for example: not eligible for auto-proxying)
2018-09-13 18:41:30 -Bean 'org.springframework.transaction.annotation.ProxyTransactionManagementConfiguration' of type [org.springframework.transaction.annotation.ProxyTransactionManagementConfiguration$$EnhancerBySpringCGLIB$$f9ead546] is not eligible for getting processed by all BeanPostProcessors (for example: not eligible for auto-proxying)
2018-09-13 18:41:30 -Bean 'shiroConfig' of type [com.bootdo.system.config.ShiroConfig$$EnhancerBySpringCGLIB$$ec4403ed] is not eligible for getting processed by all BeanPostProcessors (for example: not eligible for auto-proxying)
2018-09-13 18:41:31 -Bean 'userRealm' of type [com.bootdo.system.shiro.UserRealm] is not eligible for getting processed by all BeanPostProcessors (for example: not eligible for auto-proxying)
2018-09-13 18:41:31 -No configuration found. Configuring ehcache from ehcache-failsafe.xml  found in the classpath: jar:file:/C:/Users/Administrator/.m2/repository/net/sf/ehcache/ehcache-core/2.5.3/ehcache-core-2.5.3.jar!/ehcache-failsafe.xml
2018-09-13 18:41:31 -Bean 'ehCacheManager' of type [org.apache.shiro.cache.ehcache.EhCacheManager] is not eligible for getting processed by all BeanPostProcessors (for example: not eligible for auto-proxying)
2018-09-13 18:41:31 -Cache with name 'com.bootdo.system.shiro.UserRealm.authorizationCache' does not yet exist.  Creating now.
2018-09-13 18:41:31 -Added EhCache named [com.bootdo.system.shiro.UserRealm.authorizationCache]
2018-09-13 18:41:31 -Bean 'sessionDAO' of type [org.apache.shiro.session.mgt.eis.MemorySessionDAO] is not eligible for getting processed by all BeanPostProcessors (for example: not eligible for auto-proxying)
2018-09-13 18:41:31 -Bean 'sessionManager' of type [org.apache.shiro.web.session.mgt.DefaultWebSessionManager] is not eligible for getting processed by all BeanPostProcessors (for example: not eligible for auto-proxying)
2018-09-13 18:41:31 -Bean 'securityManager' of type [org.apache.shiro.web.mgt.DefaultWebSecurityManager] is not eligible for getting processed by all BeanPostProcessors (for example: not eligible for auto-proxying)
2018-09-13 18:41:31 -Bean 'authorizationAttributeSourceAdvisor' of type [org.apache.shiro.spring.security.interceptor.AuthorizationAttributeSourceAdvisor] is not eligible for getting processed by all BeanPostProcessors (for example: not eligible for auto-proxying)
2018-09-13 18:41:32 -Tomcat initialized with port(s): 8999 (http)
2018-09-13 18:41:32 -Starting service [Tomcat]
2018-09-13 18:41:32 -Starting Servlet Engine: Apache Tomcat/8.5.23
2018-09-13 18:41:33 -Initializing Spring embedded WebApplicationContext
2018-09-13 18:41:33 -Root WebApplicationContext: initialization completed in 15048 ms
2018-09-13 18:41:34 -Mapping filter: 'characterEncodingFilter' to: [/*]
2018-09-13 18:41:34 -Mapping filter: 'hiddenHttpMethodFilter' to: [/*]
2018-09-13 18:41:34 -Mapping filter: 'httpPutFormContentFilter' to: [/*]
2018-09-13 18:41:34 -Mapping filter: 'requestContextFilter' to: [/*]
2018-09-13 18:41:34 -Mapping filter: 'springSecurityFilterChain' to: [/*]
2018-09-13 18:41:34 -Filter xssFilter was not registered (disabled)
2018-09-13 18:41:34 -Mapping filter: 'webStatFilter' to urls: [/*]
2018-09-13 18:41:34 -Mapping filter: 'shiroFilterFactoryBean' to: [/*]
2018-09-13 18:41:34 -Mapping servlet: 'statViewServlet' to [/druid/*]
2018-09-13 18:41:34 -Mapping servlet: 'dispatcherServlet' to [/]
2018-09-13 18:41:36 -{dataSource-1} inited
2018-09-13 18:41:41 -ProcessEngine default created
2018-09-13 18:41:43 -ApplicationContext registed-->org.springframework.boot.context.embedded.AnnotationConfigEmbeddedWebApplicationContext@61001b64: startup date [Thu Sep 13 18:41:18 GMT+08:00 2018]; root of context hierarchy
2018-09-13 18:41:44 -Using default implementation for ThreadExecutor
2018-09-13 18:41:44 -Initialized Scheduler Signaller of type: class org.quartz.core.SchedulerSignalerImpl
2018-09-13 18:41:44 -Quartz Scheduler v.2.2.1 created.
2018-09-13 18:41:44 -RAMJobStore initialized.
2018-09-13 18:41:44 -Scheduler meta-data: Quartz Scheduler (v2.2.1) 'schedulerFactoryBean' with instanceId 'NON_CLUSTERED'
  Scheduler class: 'org.quartz.core.QuartzScheduler' - running locally.
  NOT STARTED.
  Currently in standby mode.
  Number of jobs executed: 0
  Using thread pool 'org.quartz.simpl.SimpleThreadPool' - with 10 threads.
  Using job-store 'org.quartz.simpl.RAMJobStore' - which does not support persistence. and is not clustered.

2018-09-13 18:41:44 -Quartz scheduler 'schedulerFactoryBean' initialized from an externally provided properties instance.
2018-09-13 18:41:44 -Quartz scheduler version: 2.2.1
2018-09-13 18:41:44 -JobFactory set to: com.bootdo.common.quartz.factory.JobFactory@a99c42c
2018-09-13 18:41:44 -Initializing ExecutorService  'clientInboundChannelExecutor'
2018-09-13 18:41:45 -Initializing ExecutorService  'clientOutboundChannelExecutor'
2018-09-13 18:41:49 -Mapped "{[/activiti/model/{id}],methods=[DELETE]}" onto public com.bootdo.common.utils.R com.bootdo.activiti.controller.ModelController.remove(java.lang.String)
2018-09-13 18:41:49 -Mapped "{[/activiti/model/list],methods=[GET]}" onto com.bootdo.common.utils.PageUtils com.bootdo.activiti.controller.ModelController.list(int,int)
2018-09-13 18:41:49 -Mapped "{[/activiti/model/batchRemove],methods=[POST]}" onto public com.bootdo.common.utils.R com.bootdo.activiti.controller.ModelController.batchRemove(java.lang.String[])
2018-09-13 18:41:49 -Mapped "{[/activiti/model],methods=[GET]}" onto org.springframework.web.servlet.ModelAndView com.bootdo.activiti.controller.ModelController.model()
2018-09-13 18:41:49 -Mapped "{[/activiti/model/add]}" onto public void com.bootdo.activiti.controller.ModelController.newModel(javax.servlet.http.HttpServletResponse) throws java.io.UnsupportedEncodingException
2018-09-13 18:41:49 -Mapped "{[/activiti/model/{modelId}/save],methods=[PUT]}" onto public void com.bootdo.activiti.controller.ModelController.saveModel(java.lang.String,java.lang.String,java.lang.String,java.lang.String,java.lang.String)
2018-09-13 18:41:49 -Mapped "{[/activiti/model/{modelId}/json],methods=[GET]}" onto public com.fasterxml.jackson.databind.node.ObjectNode com.bootdo.activiti.controller.ModelController.getEditorJson(java.lang.String)
2018-09-13 18:41:49 -Mapped "{[/activiti/editor/stencilset],methods=[GET],produces=[application/json;charset=utf-8]}" onto public java.lang.String com.bootdo.activiti.controller.ModelController.getStencilset()
2018-09-13 18:41:49 -Mapped "{[/activiti/model/edit/{id}],methods=[GET]}" onto public void com.bootdo.activiti.controller.ModelController.edit(javax.servlet.http.HttpServletResponse,java.lang.String)
2018-09-13 18:41:49 -Mapped "{[/activiti/model/deploy/{id}],methods=[POST]}" onto public com.bootdo.common.utils.R com.bootdo.activiti.controller.ModelController.deploy(java.lang.String) throws java.lang.Exception
2018-09-13 18:41:49 -Mapped "{[/activiti/model/export/{id}],methods=[GET]}" onto public void com.bootdo.activiti.controller.ModelController.exportToXml(java.lang.String,javax.servlet.http.HttpServletResponse)
2018-09-13 18:41:49 -Mapped "{[/activiti/process/add],methods=[GET]}" onto public org.springframework.web.servlet.ModelAndView com.bootdo.activiti.controller.ProcessController.add()
2018-09-13 18:41:49 -Mapped "{[/activiti/process/remove],methods=[POST]}" onto public com.bootdo.common.utils.R com.bootdo.activiti.controller.ProcessController.remove(java.lang.String)
2018-09-13 18:41:49 -Mapped "{[/activiti/process/list],methods=[GET]}" onto com.bootdo.common.utils.PageUtils com.bootdo.activiti.controller.ProcessController.list(int,int)
2018-09-13 18:41:49 -Mapped "{[/activiti/process/batchRemove],methods=[POST]}" onto public com.bootdo.common.utils.R com.bootdo.activiti.controller.ProcessController.batchRemove(java.lang.String[])
2018-09-13 18:41:49 -Mapped "{[/activiti/process],methods=[GET]}" onto org.springframework.web.servlet.ModelAndView com.bootdo.activiti.controller.ProcessController.process()
2018-09-13 18:41:49 -Mapped "{[/activiti/process/save],methods=[POST]}" onto public com.bootdo.common.utils.R com.bootdo.activiti.controller.ProcessController.deploy(java.lang.String,java.lang.String,org.springframework.web.multipart.MultipartFile)
2018-09-13 18:41:49 -Mapped "{[/activiti/process/convertToModel/{procDefId}]}" onto public com.bootdo.common.utils.R com.bootdo.activiti.controller.ProcessController.convertToModel(java.lang.String,org.springframework.web.servlet.mvc.support.RedirectAttributes) throws java.io.UnsupportedEncodingException,javax.xml.stream.XMLStreamException
2018-09-13 18:41:49 -Mapped "{[/activiti/process/resource/read/{xml}/{id}]}" onto public void com.bootdo.activiti.controller.ProcessController.resourceRead(java.lang.String,java.lang.String,javax.servlet.http.HttpServletResponse) throws java.lang.Exception
2018-09-13 18:41:49 -Mapped "{[/act/salary/form],methods=[GET]}" onto java.lang.String com.bootdo.activiti.controller.SalaryController.add()
2018-09-13 18:41:49 -Mapped "{[/act/salary/remove],methods=[POST]}" onto public com.bootdo.common.utils.R com.bootdo.activiti.controller.SalaryController.remove(java.lang.String)
2018-09-13 18:41:49 -Mapped "{[/act/salary/batchRemove],methods=[POST]}" onto public com.bootdo.common.utils.R com.bootdo.activiti.controller.SalaryController.remove(java.lang.String[])
2018-09-13 18:41:49 -Mapped "{[/act/salary/update]}" onto public com.bootdo.common.utils.R com.bootdo.activiti.controller.SalaryController.update(com.bootdo.activiti.domain.SalaryDO)
2018-09-13 18:41:49 -Mapped "{[/act/salary/list],methods=[GET]}" onto public com.bootdo.common.utils.PageUtils com.bootdo.activiti.controller.SalaryController.list(java.util.Map<java.lang.String, java.lang.Object>)
2018-09-13 18:41:49 -Mapped "{[/act/salary/form/{taskId}],methods=[GET]}" onto java.lang.String com.bootdo.activiti.controller.SalaryController.edit(java.lang.String,org.springframework.ui.Model)
2018-09-13 18:41:49 -Mapped "{[/act/salary],methods=[GET]}" onto java.lang.String com.bootdo.activiti.controller.SalaryController.Salary()
2018-09-13 18:41:49 -Mapped "{[/act/salary/save],methods=[POST]}" onto public com.bootdo.common.utils.R com.bootdo.activiti.controller.SalaryController.saveOrUpdate(com.bootdo.activiti.domain.SalaryDO)
2018-09-13 18:41:49 -Mapped "{[/activiti/task/form/{procDefId}/{taskId}],methods=[GET]}" onto public void com.bootdo.activiti.controller.TaskController.form(java.lang.String,java.lang.String,javax.servlet.http.HttpServletResponse) throws java.io.IOException
2018-09-13 18:41:49 -Mapped "{[/activiti/task/gotoList],methods=[GET]}" onto com.bootdo.common.utils.PageUtils com.bootdo.activiti.controller.TaskController.list(int,int)
2018-09-13 18:41:49 -Mapped "{[/activiti/task/goto],methods=[GET]}" onto public org.springframework.web.servlet.ModelAndView com.bootdo.activiti.controller.TaskController.gotoTask()
2018-09-13 18:41:49 -Mapped "{[/activiti/task/form/{procDefId}],methods=[GET]}" onto public void com.bootdo.activiti.controller.TaskController.startForm(java.lang.String,javax.servlet.http.HttpServletResponse) throws java.io.IOException
2018-09-13 18:41:49 -Mapped "{[/activiti/task/todo],methods=[GET]}" onto org.springframework.web.servlet.ModelAndView com.bootdo.activiti.controller.TaskController.todo()
2018-09-13 18:41:49 -Mapped "{[/activiti/task/todoList],methods=[GET]}" onto java.util.List<com.bootdo.activiti.vo.TaskVO> com.bootdo.activiti.controller.TaskController.todoList()
2018-09-13 18:41:49 -Mapped "{[/activiti/task/trace/photo/{procDefId}/{execId}]}" onto public void com.bootdo.activiti.controller.TaskController.tracePhoto(java.lang.String,java.lang.String,javax.servlet.http.HttpServletResponse) throws java.lang.Exception
2018-09-13 18:41:49 -Mapped "{[/blog/open/post/{cid}],methods=[GET]}" onto java.lang.String com.bootdo.blog.controller.BlogController.post(java.lang.Long,org.springframework.ui.Model)
2018-09-13 18:41:49 -Mapped "{[/blog],methods=[GET]}" onto java.lang.String com.bootdo.blog.controller.BlogController.blog()
2018-09-13 18:41:49 -Mapped "{[/blog/open/list],methods=[GET]}" onto public com.bootdo.common.utils.PageUtils com.bootdo.blog.controller.BlogController.opentList(java.util.Map<java.lang.String, java.lang.Object>)
2018-09-13 18:41:49 -Mapped "{[/blog/open/page/{categories}],methods=[GET]}" onto java.lang.String com.bootdo.blog.controller.BlogController.about(java.lang.String,org.springframework.ui.Model)
2018-09-13 18:41:49 -Mapped "{[/blog/bContent/add],methods=[GET]}" onto java.lang.String com.bootdo.blog.controller.ContentController.add()
2018-09-13 18:41:49 -Mapped "{[/blog/bContent/remove],methods=[POST]}" onto public com.bootdo.common.utils.R com.bootdo.blog.controller.ContentController.remove(java.lang.Long)
2018-09-13 18:41:49 -Mapped "{[/blog/bContent/batchRemove],methods=[POST]}" onto public com.bootdo.common.utils.R com.bootdo.blog.controller.ContentController.remove(java.lang.Long[])
2018-09-13 18:41:49 -Mapped "{[/blog/bContent/update]}" onto public com.bootdo.common.utils.R com.bootdo.blog.controller.ContentController.update(com.bootdo.blog.domain.ContentDO)
2018-09-13 18:41:49 -Mapped "{[/blog/bContent/list],methods=[GET]}" onto public com.bootdo.common.utils.PageUtils com.bootdo.blog.controller.ContentController.list(java.util.Map<java.lang.String, java.lang.Object>)
2018-09-13 18:41:49 -Mapped "{[/blog/bContent/save],methods=[POST]}" onto public com.bootdo.common.utils.R com.bootdo.blog.controller.ContentController.save(com.bootdo.blog.domain.ContentDO)
2018-09-13 18:41:49 -Mapped "{[/blog/bContent/edit/{cid}],methods=[GET]}" onto java.lang.String com.bootdo.blog.controller.ContentController.edit(java.lang.Long,org.springframework.ui.Model)
2018-09-13 18:41:49 -Mapped "{[/blog/bContent],methods=[GET]}" onto java.lang.String com.bootdo.blog.controller.ContentController.bContent()
2018-09-13 18:41:49 -Mapped "{[/common/dict/add],methods=[GET]}" onto java.lang.String com.bootdo.common.controller.DictController.add()
2018-09-13 18:41:49 -Mapped "{[/common/dict/remove],methods=[POST]}" onto public com.bootdo.common.utils.R com.bootdo.common.controller.DictController.remove(java.lang.Long)
2018-09-13 18:41:49 -Mapped "{[/common/dict/batchRemove],methods=[POST]}" onto public com.bootdo.common.utils.R com.bootdo.common.controller.DictController.remove(java.lang.Long[])
2018-09-13 18:41:49 -Mapped "{[/common/dict/update]}" onto public com.bootdo.common.utils.R com.bootdo.common.controller.DictController.update(com.bootdo.common.domain.DictDO)
2018-09-13 18:41:49 -Mapped "{[/common/dict/list],methods=[GET]}" onto public com.bootdo.common.utils.PageUtils com.bootdo.common.controller.DictController.list(java.util.Map<java.lang.String, java.lang.Object>)
2018-09-13 18:41:49 -Mapped "{[/common/dict/save],methods=[POST]}" onto public com.bootdo.common.utils.R com.bootdo.common.controller.DictController.save(com.bootdo.common.domain.DictDO)
2018-09-13 18:41:49 -Mapped "{[/common/dict/type],methods=[GET]}" onto public java.util.List<com.bootdo.common.domain.DictDO> com.bootdo.common.controller.DictController.listType()
2018-09-13 18:41:49 -Mapped "{[/common/dict/edit/{id}],methods=[GET]}" onto java.lang.String com.bootdo.common.controller.DictController.edit(java.lang.Long,org.springframework.ui.Model)
2018-09-13 18:41:49 -Mapped "{[/common/dict],methods=[GET]}" onto java.lang.String com.bootdo.common.controller.DictController.dict()
2018-09-13 18:41:49 -Mapped "{[/common/dict/add/{type}/{description}],methods=[GET]}" onto java.lang.String com.bootdo.common.controller.DictController.addD(org.springframework.ui.Model,java.lang.String,java.lang.String)
2018-09-13 18:41:49 -Mapped "{[/common/dict/list/{type}],methods=[GET]}" onto public java.util.List<com.bootdo.common.domain.DictDO> com.bootdo.common.controller.DictController.listByType(java.lang.String)
2018-09-13 18:41:49 -Mapped "{[/common/sysFile/add],methods=[GET]}" onto java.lang.String com.bootdo.common.controller.FileController.add()
2018-09-13 18:41:49 -Mapped "{[/common/sysFile/remove],methods=[POST]}" onto public com.bootdo.common.utils.R com.bootdo.common.controller.FileController.remove(java.lang.Long,javax.servlet.http.HttpServletRequest)
2018-09-13 18:41:49 -Mapped "{[/common/sysFile/batchRemove],methods=[POST]}" onto public com.bootdo.common.utils.R com.bootdo.common.controller.FileController.remove(java.lang.Long[])
2018-09-13 18:41:49 -Mapped "{[/common/sysFile/update]}" onto public com.bootdo.common.utils.R com.bootdo.common.controller.FileController.update(com.bootdo.common.domain.FileDO)
2018-09-13 18:41:49 -Mapped "{[/common/sysFile/list],methods=[GET]}" onto public com.bootdo.common.utils.PageUtils com.bootdo.common.controller.FileController.list(java.util.Map<java.lang.String, java.lang.Object>)
2018-09-13 18:41:49 -Mapped "{[/common/sysFile/save],methods=[POST]}" onto public com.bootdo.common.utils.R com.bootdo.common.controller.FileController.save(com.bootdo.common.domain.FileDO)
2018-09-13 18:41:49 -Mapped "{[/common/sysFile/info/{id}]}" onto public com.bootdo.common.utils.R com.bootdo.common.controller.FileController.info(java.lang.Long)
2018-09-13 18:41:49 -Mapped "{[/common/sysFile/edit],methods=[GET]}" onto java.lang.String com.bootdo.common.controller.FileController.edit(java.lang.Long,org.springframework.ui.Model)
2018-09-13 18:41:49 -Mapped "{[/common/sysFile],methods=[GET]}" onto java.lang.String com.bootdo.common.controller.FileController.sysFile(org.springframework.ui.Model)
2018-09-13 18:41:49 -Mapped "{[/common/sysFile/upload],methods=[POST]}" onto com.bootdo.common.utils.R com.bootdo.common.controller.FileController.upload(org.springframework.web.multipart.MultipartFile,javax.servlet.http.HttpServletRequest)
2018-09-13 18:41:49 -Mapped "{[/common/generator/update],methods=[POST]}" onto com.bootdo.common.utils.R com.bootdo.common.controller.GeneratorController.update(java.util.Map<java.lang.String, java.lang.Object>)
2018-09-13 18:41:49 -Mapped "{[/common/generator/list],methods=[GET]}" onto java.util.List<java.util.Map<java.lang.String, java.lang.Object>> com.bootdo.common.controller.GeneratorController.list()
2018-09-13 18:41:49 -Mapped "{[/common/generator/code/{tableName}]}" onto public void com.bootdo.common.controller.GeneratorController.code(javax.servlet.http.HttpServletRequest,javax.servlet.http.HttpServletResponse,java.lang.String) throws java.io.IOException
2018-09-13 18:41:49 -Mapped "{[/common/generator],methods=[GET]}" onto java.lang.String com.bootdo.common.controller.GeneratorController.generator()
2018-09-13 18:41:49 -Mapped "{[/common/generator/edit],methods=[GET]}" onto public java.lang.String com.bootdo.common.controller.GeneratorController.edit(org.springframework.ui.Model)
2018-09-13 18:41:49 -Mapped "{[/common/generator/batchCode]}" onto public void com.bootdo.common.controller.GeneratorController.batchCode(javax.servlet.http.HttpServletRequest,javax.servlet.http.HttpServletResponse,java.lang.String) throws java.io.IOException
2018-09-13 18:41:49 -Mapped "{[/common/job/add],methods=[GET]}" onto java.lang.String com.bootdo.common.controller.JobController.add()
2018-09-13 18:41:49 -Mapped "{[/common/job/remove],methods=[POST]}" onto public com.bootdo.common.utils.R com.bootdo.common.controller.JobController.remove(java.lang.Long)
2018-09-13 18:41:49 -Mapped "{[/common/job/batchRemove],methods=[POST]}" onto public com.bootdo.common.utils.R com.bootdo.common.controller.JobController.remove(java.lang.Long[])
2018-09-13 18:41:49 -Mapped "{[/common/job/update],methods=[POST]}" onto public com.bootdo.common.utils.R com.bootdo.common.controller.JobController.update(com.bootdo.common.domain.TaskDO)
2018-09-13 18:41:49 -Mapped "{[/common/job/list],methods=[GET]}" onto public com.bootdo.common.utils.PageUtils com.bootdo.common.controller.JobController.list(java.util.Map<java.lang.String, java.lang.Object>)
2018-09-13 18:41:49 -Mapped "{[/common/job/save],methods=[POST]}" onto public com.bootdo.common.utils.R com.bootdo.common.controller.JobController.save(com.bootdo.common.domain.TaskDO)
2018-09-13 18:41:49 -Mapped "{[/common/job/info/{id}]}" onto public com.bootdo.common.utils.R com.bootdo.common.controller.JobController.info(java.lang.Long)
2018-09-13 18:41:49 -Mapped "{[/common/job/edit/{id}],methods=[GET]}" onto java.lang.String com.bootdo.common.controller.JobController.edit(java.lang.Long,org.springframework.ui.Model)
2018-09-13 18:41:49 -Mapped "{[/common/job/changeJobStatus],methods=[POST]}" onto public com.bootdo.common.utils.R com.bootdo.common.controller.JobController.changeJobStatus(java.lang.Long,java.lang.String)
2018-09-13 18:41:49 -Mapped "{[/common/job],methods=[GET]}" onto java.lang.String com.bootdo.common.controller.JobController.taskScheduleJob()
2018-09-13 18:41:49 -Mapped "{[/common/log/remove],methods=[POST]}" onto com.bootdo.common.utils.R com.bootdo.common.controller.LogController.remove(java.lang.Long)
2018-09-13 18:41:49 -Mapped "{[/common/log],methods=[GET]}" onto java.lang.String com.bootdo.common.controller.LogController.log()
2018-09-13 18:41:49 -Mapped "{[/common/log/list],methods=[GET]}" onto com.bootdo.common.domain.PageDO<com.bootdo.common.domain.LogDO> com.bootdo.common.controller.LogController.list(java.util.Map<java.lang.String, java.lang.Object>)
2018-09-13 18:41:49 -Mapped "{[/common/log/batchRemove],methods=[POST]}" onto com.bootdo.common.utils.R com.bootdo.common.controller.LogController.batchRemove(java.lang.Long[])
2018-09-13 18:41:49 -Mapped "{[/error]}" onto public com.bootdo.common.utils.R com.bootdo.common.exception.MainsiteErrorController.handleError(javax.servlet.http.HttpServletRequest,javax.servlet.http.HttpServletResponse)
2018-09-13 18:41:49 -Mapped "{[/error],produces=[text/html]}" onto public org.springframework.web.servlet.ModelAndView com.bootdo.common.exception.MainsiteErrorController.errorHtml(javax.servlet.http.HttpServletRequest,javax.servlet.http.HttpServletResponse)
2018-09-13 18:41:49 -Mapped "{[/oa/notify/add],methods=[GET]}" onto java.lang.String com.bootdo.oa.controller.NotifyController.add()
2018-09-13 18:41:49 -Mapped "{[/oa/notify/remove],methods=[POST]}" onto public com.bootdo.common.utils.R com.bootdo.oa.controller.NotifyController.remove(java.lang.Long)
2018-09-13 18:41:49 -Mapped "{[/oa/notify/batchRemove],methods=[POST]}" onto public com.bootdo.common.utils.R com.bootdo.oa.controller.NotifyController.remove(java.lang.Long[])
2018-09-13 18:41:49 -Mapped "{[/oa/notify/update]}" onto public com.bootdo.common.utils.R com.bootdo.oa.controller.NotifyController.update(com.bootdo.oa.domain.NotifyDO)
2018-09-13 18:41:49 -Mapped "{[/oa/notify/read/{id}],methods=[GET]}" onto java.lang.String com.bootdo.oa.controller.NotifyController.read(java.lang.Long,org.springframework.ui.Model)
2018-09-13 18:41:49 -Mapped "{[/oa/notify/list],methods=[GET]}" onto public com.bootdo.common.utils.PageUtils com.bootdo.oa.controller.NotifyController.list(java.util.Map<java.lang.String, java.lang.Object>)
2018-09-13 18:41:49 -Mapped "{[/oa/notify/save],methods=[POST]}" onto public com.bootdo.common.utils.R com.bootdo.oa.controller.NotifyController.save(com.bootdo.oa.domain.NotifyDO)
2018-09-13 18:41:49 -Mapped "{[/oa/notify/message],methods=[GET]}" onto com.bootdo.common.utils.PageUtils com.bootdo.oa.controller.NotifyController.message()
2018-09-13 18:41:49 -Mapped "{[/oa/notify/selfList],methods=[GET]}" onto com.bootdo.common.utils.PageUtils com.bootdo.oa.controller.NotifyController.selfList(java.util.Map<java.lang.String, java.lang.Object>)
2018-09-13 18:41:49 -Mapped "{[/oa/notify/edit/{id}],methods=[GET]}" onto java.lang.String com.bootdo.oa.controller.NotifyController.edit(java.lang.Long,org.springframework.ui.Model)
2018-09-13 18:41:49 -Mapped "{[/oa/notify],methods=[GET]}" onto java.lang.String com.bootdo.oa.controller.NotifyController.oaNotify()
2018-09-13 18:41:49 -Mapped "{[/oa/notify/selfNotify],methods=[GET]}" onto java.lang.String com.bootdo.oa.controller.NotifyController.selefNotify()
2018-09-13 18:41:49 -Mapped "{[/system/sysDept/add/{pId}],methods=[GET]}" onto java.lang.String com.bootdo.system.controller.DeptController.add(java.lang.Long,org.springframework.ui.Model)
2018-09-13 18:41:49 -Mapped "{[/system/sysDept/remove],methods=[POST]}" onto public com.bootdo.common.utils.R com.bootdo.system.controller.DeptController.remove(java.lang.Long)
2018-09-13 18:41:49 -Mapped "{[/system/sysDept/batchRemove],methods=[POST]}" onto public com.bootdo.common.utils.R com.bootdo.system.controller.DeptController.remove(java.lang.Long[])
2018-09-13 18:41:49 -Mapped "{[/system/sysDept/update]}" onto public com.bootdo.common.utils.R com.bootdo.system.controller.DeptController.update(com.bootdo.system.domain.DeptDO)
2018-09-13 18:41:49 -Mapped "{[/system/sysDept/list],methods=[GET]}" onto public java.util.List<com.bootdo.system.domain.DeptDO> com.bootdo.system.controller.DeptController.list()
2018-09-13 18:41:49 -Mapped "{[/system/sysDept/save],methods=[POST]}" onto public com.bootdo.common.utils.R com.bootdo.system.controller.DeptController.save(com.bootdo.system.domain.DeptDO)
2018-09-13 18:41:49 -Mapped "{[/system/sysDept/tree],methods=[GET]}" onto public com.bootdo.common.domain.Tree<com.bootdo.system.domain.DeptDO> com.bootdo.system.controller.DeptController.tree()
2018-09-13 18:41:49 -Mapped "{[/system/sysDept/edit/{deptId}],methods=[GET]}" onto java.lang.String com.bootdo.system.controller.DeptController.edit(java.lang.Long,org.springframework.ui.Model)
2018-09-13 18:41:49 -Mapped "{[/system/sysDept],methods=[GET]}" onto java.lang.String com.bootdo.system.controller.DeptController.dept()
2018-09-13 18:41:49 -Mapped "{[/system/sysDept/treeView],methods=[GET]}" onto java.lang.String com.bootdo.system.controller.DeptController.treeView()
2018-09-13 18:41:49 -Mapped "{[/index],methods=[GET]}" onto java.lang.String com.bootdo.system.controller.LoginController.index(org.springframework.ui.Model)
2018-09-13 18:41:49 -Mapped "{[/main],methods=[GET]}" onto java.lang.String com.bootdo.system.controller.LoginController.main()
2018-09-13 18:41:49 -Mapped "{[/login],methods=[GET]}" onto java.lang.String com.bootdo.system.controller.LoginController.login()
2018-09-13 18:41:49 -Mapped "{[/logout],methods=[GET]}" onto java.lang.String com.bootdo.system.controller.LoginController.logout()
2018-09-13 18:41:49 -Mapped "{[/ || ],methods=[GET]}" onto java.lang.String com.bootdo.system.controller.LoginController.welcome(org.springframework.ui.Model)
2018-09-13 18:41:49 -Mapped "{[/login],methods=[POST]}" onto com.bootdo.common.utils.R com.bootdo.system.controller.LoginController.ajaxLogin(java.lang.String,java.lang.String)
2018-09-13 18:41:49 -Mapped "{[/sys/menu/add/{pId}],methods=[GET]}" onto java.lang.String com.bootdo.system.controller.MenuController.add(org.springframework.ui.Model,java.lang.Long)
2018-09-13 18:41:49 -Mapped "{[/sys/menu/remove],methods=[POST]}" onto com.bootdo.common.utils.R com.bootdo.system.controller.MenuController.remove(java.lang.Long)
2018-09-13 18:41:49 -Mapped "{[/sys/menu/update],methods=[POST]}" onto com.bootdo.common.utils.R com.bootdo.system.controller.MenuController.update(com.bootdo.system.domain.MenuDO)
2018-09-13 18:41:49 -Mapped "{[/sys/menu/list]}" onto java.util.List<com.bootdo.system.domain.MenuDO> com.bootdo.system.controller.MenuController.list(java.util.Map<java.lang.String, java.lang.Object>)
2018-09-13 18:41:49 -Mapped "{[/sys/menu/save],methods=[POST]}" onto com.bootdo.common.utils.R com.bootdo.system.controller.MenuController.save(com.bootdo.system.domain.MenuDO)
2018-09-13 18:41:49 -Mapped "{[/sys/menu/tree/{roleId}],methods=[GET]}" onto com.bootdo.common.domain.Tree<com.bootdo.system.domain.MenuDO> com.bootdo.system.controller.MenuController.tree(java.lang.Long)
2018-09-13 18:41:49 -Mapped "{[/sys/menu/tree],methods=[GET]}" onto com.bootdo.common.domain.Tree<com.bootdo.system.domain.MenuDO> com.bootdo.system.controller.MenuController.tree()
2018-09-13 18:41:49 -Mapped "{[/sys/menu/edit/{id}],methods=[GET]}" onto java.lang.String com.bootdo.system.controller.MenuController.edit(org.springframework.ui.Model,java.lang.Long)
2018-09-13 18:41:49 -Mapped "{[/sys/menu],methods=[GET]}" onto java.lang.String com.bootdo.system.controller.MenuController.menu(org.springframework.ui.Model)
2018-09-13 18:41:49 -Mapped "{[/sys/role/add],methods=[GET]}" onto java.lang.String com.bootdo.system.controller.RoleController.add()
2018-09-13 18:41:49 -Mapped "{[/sys/role/update],methods=[POST]}" onto com.bootdo.common.utils.R com.bootdo.system.controller.RoleController.update(com.bootdo.system.domain.RoleDO)
2018-09-13 18:41:49 -Mapped "{[/sys/role/list],methods=[GET]}" onto java.util.List<com.bootdo.system.domain.RoleDO> com.bootdo.system.controller.RoleController.list()
2018-09-13 18:41:49 -Mapped "{[/sys/role/remove],methods=[POST]}" onto com.bootdo.common.utils.R com.bootdo.system.controller.RoleController.save(java.lang.Long)
2018-09-13 18:41:49 -Mapped "{[/sys/role/save],methods=[POST]}" onto com.bootdo.common.utils.R com.bootdo.system.controller.RoleController.save(com.bootdo.system.domain.RoleDO)
2018-09-13 18:41:49 -Mapped "{[/sys/role/batchRemove],methods=[POST]}" onto com.bootdo.common.utils.R com.bootdo.system.controller.RoleController.batchRemove(java.lang.Long[])
2018-09-13 18:41:49 -Mapped "{[/sys/role],methods=[GET]}" onto java.lang.String com.bootdo.system.controller.RoleController.role()
2018-09-13 18:41:49 -Mapped "{[/sys/role/edit/{id}],methods=[GET]}" onto java.lang.String com.bootdo.system.controller.RoleController.edit(java.lang.Long,org.springframework.ui.Model)
2018-09-13 18:41:49 -Mapped "{[/sys/online/list]}" onto public java.util.List<com.bootdo.system.domain.UserOnline> com.bootdo.system.controller.SessionController.list()
2018-09-13 18:41:49 -Mapped "{[/sys/online/sessionList]}" onto public java.util.Collection<org.apache.shiro.session.Session> com.bootdo.system.controller.SessionController.sessionList()
2018-09-13 18:41:49 -Mapped "{[/sys/online],methods=[GET]}" onto public java.lang.String com.bootdo.system.controller.SessionController.online()
2018-09-13 18:41:49 -Mapped "{[/sys/online/forceLogout/{sessionId}]}" onto public com.bootdo.common.utils.R com.bootdo.system.controller.SessionController.forceLogout(java.lang.String,org.springframework.web.servlet.mvc.support.RedirectAttributes)
2018-09-13 18:41:49 -Mapped "{[/sys/user/exit],methods=[POST]}" onto boolean com.bootdo.system.controller.UserController.exit(java.util.Map<java.lang.String, java.lang.Object>)
2018-09-13 18:41:49 -Mapped "{[/sys/user/add],methods=[GET]}" onto java.lang.String com.bootdo.system.controller.UserController.add(org.springframework.ui.Model)
2018-09-13 18:41:49 -Mapped "{[/sys/user/remove],methods=[POST]}" onto com.bootdo.common.utils.R com.bootdo.system.controller.UserController.remove(java.lang.Long)
2018-09-13 18:41:49 -Mapped "{[/sys/user/update],methods=[POST]}" onto com.bootdo.common.utils.R com.bootdo.system.controller.UserController.update(com.bootdo.system.domain.UserDO)
2018-09-13 18:41:49 -Mapped "{[/sys/user/list],methods=[GET]}" onto com.bootdo.common.utils.PageUtils com.bootdo.system.controller.UserController.list(java.util.Map<java.lang.String, java.lang.Object>)
2018-09-13 18:41:49 -Mapped "{[/sys/user/save],methods=[POST]}" onto com.bootdo.common.utils.R com.bootdo.system.controller.UserController.save(com.bootdo.system.domain.UserDO)
2018-09-13 18:41:49 -Mapped "{[/sys/user/batchRemove],methods=[POST]}" onto com.bootdo.common.utils.R com.bootdo.system.controller.UserController.batchRemove(java.lang.Long[])
2018-09-13 18:41:49 -Mapped "{[/sys/user/tree],methods=[GET]}" onto public com.bootdo.common.domain.Tree<com.bootdo.system.domain.DeptDO> com.bootdo.system.controller.UserController.tree()
2018-09-13 18:41:49 -Mapped "{[/sys/user],methods=[GET]}" onto java.lang.String com.bootdo.system.controller.UserController.user(org.springframework.ui.Model)
2018-09-13 18:41:49 -Mapped "{[/sys/user/edit/{id}],methods=[GET]}" onto java.lang.String com.bootdo.system.controller.UserController.edit(org.springframework.ui.Model,java.lang.Long)
2018-09-13 18:41:49 -Mapped "{[/sys/user/treeView],methods=[GET]}" onto java.lang.String com.bootdo.system.controller.UserController.treeView()
2018-09-13 18:41:49 -Mapped "{[/sys/user/updatePeronal],methods=[POST]}" onto com.bootdo.common.utils.R com.bootdo.system.controller.UserController.updatePeronal(com.bootdo.system.domain.UserDO)
2018-09-13 18:41:49 -Mapped "{[/sys/user/resetPwd],methods=[POST]}" onto com.bootdo.common.utils.R com.bootdo.system.controller.UserController.resetPwd(com.bootdo.system.vo.UserVO)
2018-09-13 18:41:49 -Mapped "{[/sys/user/resetPwd/{id}],methods=[GET]}" onto java.lang.String com.bootdo.system.controller.UserController.resetPwd(java.lang.Long,org.springframework.ui.Model)
2018-09-13 18:41:49 -Mapped "{[/sys/user/adminResetPwd],methods=[POST]}" onto com.bootdo.common.utils.R com.bootdo.system.controller.UserController.adminResetPwd(com.bootdo.system.vo.UserVO)
2018-09-13 18:41:49 -Mapped "{[/sys/user/personal],methods=[GET]}" onto java.lang.String com.bootdo.system.controller.UserController.personal(org.springframework.ui.Model)
2018-09-13 18:41:49 -Mapped "{[/sys/user/uploadImg],methods=[POST]}" onto com.bootdo.common.utils.R com.bootdo.system.controller.UserController.uploadImg(org.springframework.web.multipart.MultipartFile,java.lang.String,javax.servlet.http.HttpServletRequest)
2018-09-13 18:41:49 -Mapped "{[/wechat/respMsg/add],methods=[GET]}" onto java.lang.String com.bootdo.wechat.controller.RespMsgController.add()
2018-09-13 18:41:49 -Mapped "{[/wechat/respMsg/remove],methods=[POST]}" onto public com.bootdo.common.utils.R com.bootdo.wechat.controller.RespMsgController.remove(java.lang.Integer)
2018-09-13 18:41:49 -Mapped "{[/wechat/respMsg/batchRemove],methods=[POST]}" onto public com.bootdo.common.utils.R com.bootdo.wechat.controller.RespMsgController.remove(java.lang.Integer[])
2018-09-13 18:41:49 -Mapped "{[/wechat/respMsg/update]}" onto public com.bootdo.common.utils.R com.bootdo.wechat.controller.RespMsgController.update(com.bootdo.wechat.domain.RespMsgDO)
2018-09-13 18:41:49 -Mapped "{[/wechat/respMsg/list],methods=[GET]}" onto public com.bootdo.common.utils.PageUtils com.bootdo.wechat.controller.RespMsgController.list(java.util.Map<java.lang.String, java.lang.Object>)
2018-09-13 18:41:49 -Mapped "{[/wechat/respMsg/save],methods=[POST]}" onto public com.bootdo.common.utils.R com.bootdo.wechat.controller.RespMsgController.save(com.bootdo.wechat.domain.RespMsgDO)
2018-09-13 18:41:49 -Mapped "{[/wechat/respMsg/edit/{msgId}],methods=[GET]}" onto java.lang.String com.bootdo.wechat.controller.RespMsgController.edit(java.lang.Integer,org.springframework.ui.Model)
2018-09-13 18:41:49 -Mapped "{[/wechat/respMsg],methods=[GET]}" onto java.lang.String com.bootdo.wechat.controller.RespMsgController.RespMsg()
2018-09-13 18:41:49 -Mapped "{[/wechat/space/add],methods=[GET]}" onto java.lang.String com.bootdo.wechat.controller.SpaceController.add()
2018-09-13 18:41:49 -Mapped "{[/wechat/space/remove],methods=[POST]}" onto public com.bootdo.common.utils.R com.bootdo.wechat.controller.SpaceController.remove(java.lang.Integer)
2018-09-13 18:41:49 -Mapped "{[/wechat/space/batchRemove],methods=[POST]}" onto public com.bootdo.common.utils.R com.bootdo.wechat.controller.SpaceController.remove(java.lang.Integer[])
2018-09-13 18:41:49 -Mapped "{[/wechat/space/update]}" onto public com.bootdo.common.utils.R com.bootdo.wechat.controller.SpaceController.update(com.bootdo.wechat.domain.SpaceDO)
2018-09-13 18:41:49 -Mapped "{[/wechat/space/list],methods=[GET]}" onto public com.bootdo.common.utils.PageUtils com.bootdo.wechat.controller.SpaceController.list(java.util.Map<java.lang.String, java.lang.Object>)
2018-09-13 18:41:49 -Mapped "{[/wechat/space/save],methods=[POST]}" onto public com.bootdo.common.utils.R com.bootdo.wechat.controller.SpaceController.save(com.bootdo.wechat.domain.SpaceDO)
2018-09-13 18:41:49 -Mapped "{[/wechat/space/edit/{id}],methods=[GET]}" onto java.lang.String com.bootdo.wechat.controller.SpaceController.edit(java.lang.Integer,org.springframework.ui.Model)
2018-09-13 18:41:49 -Mapped "{[/wechat/space],methods=[GET]}" onto java.lang.String com.bootdo.wechat.controller.SpaceController.Space()
2018-09-13 18:41:49 -Mapped "{[/wechat/menu/add/{pId}],methods=[GET]}" onto java.lang.String com.bootdo.wechat.controller.WechatMenuController.add(org.springframework.ui.Model,java.lang.Long)
2018-09-13 18:41:49 -Mapped "{[/wechat/menu/remove],methods=[POST]}" onto com.bootdo.common.utils.R com.bootdo.wechat.controller.WechatMenuController.remove(java.lang.Long)
2018-09-13 18:41:49 -Mapped "{[/wechat/menu/update],methods=[POST]}" onto com.bootdo.common.utils.R com.bootdo.wechat.controller.WechatMenuController.update(com.bootdo.wechat.domain.WechatMenuDO)
2018-09-13 18:41:49 -Mapped "{[/wechat/menu/list]}" onto java.util.List<com.bootdo.wechat.domain.WechatMenuDO> com.bootdo.wechat.controller.WechatMenuController.list(java.util.Map<java.lang.String, java.lang.Object>)
2018-09-13 18:41:49 -Mapped "{[/wechat/menu/save],methods=[POST]}" onto com.bootdo.common.utils.R com.bootdo.wechat.controller.WechatMenuController.save(com.bootdo.wechat.domain.WechatMenuDO)
2018-09-13 18:41:49 -Mapped "{[/wechat/menu/tree/{roleId}],methods=[GET]}" onto com.bootdo.common.domain.Tree<com.bootdo.wechat.domain.WechatMenuDO> com.bootdo.wechat.controller.WechatMenuController.tree(java.lang.Long)
2018-09-13 18:41:49 -Mapped "{[/wechat/menu/tree],methods=[GET]}" onto com.bootdo.common.domain.Tree<com.bootdo.wechat.domain.WechatMenuDO> com.bootdo.wechat.controller.WechatMenuController.tree()
2018-09-13 18:41:49 -Mapped "{[/wechat/menu/edit/{id}],methods=[GET]}" onto java.lang.String com.bootdo.wechat.controller.WechatMenuController.edit(org.springframework.ui.Model,java.lang.Long)
2018-09-13 18:41:49 -Mapped "{[/wechat/menu],methods=[GET]}" onto java.lang.String com.bootdo.wechat.controller.WechatMenuController.menu(org.springframework.ui.Model)
2018-09-13 18:41:49 -Mapped "{[/v2/api-docs],methods=[GET],produces=[application/json || application/hal+json]}" onto public org.springframework.http.ResponseEntity<springfox.documentation.spring.web.json.Json> springfox.documentation.swagger2.web.Swagger2Controller.getDocumentation(java.lang.String,javax.servlet.http.HttpServletRequest)
2018-09-13 18:41:49 -Mapped "{[/swagger-resources/configuration/security]}" onto org.springframework.http.ResponseEntity<springfox.documentation.swagger.web.SecurityConfiguration> springfox.documentation.swagger.web.ApiResourceController.securityConfiguration()
2018-09-13 18:41:49 -Mapped "{[/swagger-resources/configuration/ui]}" onto org.springframework.http.ResponseEntity<springfox.documentation.swagger.web.UiConfiguration> springfox.documentation.swagger.web.ApiResourceController.uiConfiguration()
2018-09-13 18:41:49 -Mapped "{[/swagger-resources]}" onto org.springframework.http.ResponseEntity<java.util.List<springfox.documentation.swagger.web.SwaggerResource>> springfox.documentation.swagger.web.ApiResourceController.swaggerResources()
2018-09-13 18:41:50 -Initializing ExecutorService  'messageBrokerTaskScheduler'
2018-09-13 18:41:51 -Mapped URL path [/endpointChat/**] onto handler of type [class org.springframework.web.socket.sockjs.support.SockJsHttpRequestHandler]
2018-09-13 18:41:51 -Initializing ExecutorService  'brokerChannelExecutor'
2018-09-13 18:41:52 -Looking for @ControllerAdvice: org.springframework.boot.context.embedded.AnnotationConfigEmbeddedWebApplicationContext@61001b64: startup date [Thu Sep 13 18:41:18 GMT+08:00 2018]; root of context hierarchy
2018-09-13 18:41:52 -Mapped URL path [/files/**] onto handler of type [class org.springframework.web.servlet.resource.ResourceHttpRequestHandler]
2018-09-13 18:41:52 -Mapped URL path [/webjars/**] onto handler of type [class org.springframework.web.servlet.resource.ResourceHttpRequestHandler]
2018-09-13 18:41:52 -Mapped URL path [/**] onto handler of type [class org.springframework.web.servlet.resource.ResourceHttpRequestHandler]
2018-09-13 18:41:52 -Detected @ExceptionHandler methods in BDExceptionHandler
2018-09-13 18:41:52 -Mapped URL path [/**/favicon.ico] onto handler of type [class org.springframework.web.servlet.resource.ResourceHttpRequestHandler]
2018-09-13 18:41:56 -

Using default security password: 1133f249-0040-46c4-9a31-8e85b7d68c3a

2018-09-13 18:41:56 -Creating filter chain: OrRequestMatcher [requestMatchers=[Ant [pattern='/css/**'], Ant [pattern='/js/**'], Ant [pattern='/images/**'], Ant [pattern='/webjars/**'], Ant [pattern='/**/favicon.ico'], Ant [pattern='/error']]], []
2018-09-13 18:41:57 -Creating filter chain: org.springframework.boot.autoconfigure.security.SpringBootWebSecurityConfiguration$ApplicationNoWebSecurityConfigurerAdapter$1@7fce1069, [org.springframework.security.web.context.request.async.WebAsyncManagerIntegrationFilter@51b41740, org.springframework.security.web.context.SecurityContextPersistenceFilter@7f53a31f, org.springframework.security.web.header.HeaderWriterFilter@230d013b, org.springframework.security.web.csrf.CsrfFilter@102c24d1, org.springframework.security.web.authentication.logout.LogoutFilter@4edde05c, org.springframework.security.web.savedrequest.RequestCacheAwareFilter@29d563bd, org.springframework.security.web.servletapi.SecurityContextHolderAwareRequestFilter@64381526, org.springframework.security.web.authentication.AnonymousAuthenticationFilter@70cac22a, org.springframework.security.web.session.SessionManagementFilter@13b4ee4e, org.springframework.security.web.access.ExceptionTranslationFilter@29fc83c5]
2018-09-13 18:41:58 -Registering beans for JMX exposure on startup
2018-09-13 18:41:58 -Bean with name 'dataSource' has been autodetected for JMX exposure
2018-09-13 18:41:58 -Located MBean 'dataSource': registering with JMX server as MBean [com.alibaba.druid.pool:name=dataSource,type=DruidDataSource]
2018-09-13 18:41:58 -Starting beans in phase 2147483647
2018-09-13 18:41:58 -Context refreshed
2018-09-13 18:41:58 -Found 1 custom documentation plugin(s)
2018-09-13 18:41:58 -Scanning for api listing references
2018-09-13 18:41:59 -Generating unique operation named: removeUsingPOST_1
2018-09-13 18:41:59 -Generating unique operation named: addUsingGET_1
2018-09-13 18:41:59 -Generating unique operation named: editUsingGET_1
2018-09-13 18:41:59 -Generating unique operation named: listUsingGET_1
2018-09-13 18:41:59 -Generating unique operation named: removeUsingPOST_2
2018-09-13 18:41:59 -Generating unique operation named: removeUsingPOST_3
2018-09-13 18:41:59 -Generating unique operation named: saveUsingPOST_1
2018-09-13 18:41:59 -Generating unique operation named: updateUsingGET_1
2018-09-13 18:41:59 -Generating unique operation named: updateUsingHEAD_1
2018-09-13 18:41:59 -Generating unique operation named: updateUsingPOST_1
2018-09-13 18:41:59 -Generating unique operation named: updateUsingPUT_1
2018-09-13 18:41:59 -Generating unique operation named: updateUsingPATCH_1
2018-09-13 18:41:59 -Generating unique operation named: updateUsingDELETE_1
2018-09-13 18:41:59 -Generating unique operation named: updateUsingOPTIONS_1
2018-09-13 18:41:59 -Generating unique operation named: updateUsingTRACE_1
2018-09-13 18:41:59 -Generating unique operation named: addUsingGET_2
2018-09-13 18:41:59 -Generating unique operation named: editUsingGET_2
2018-09-13 18:41:59 -Generating unique operation named: listUsingGET_2
2018-09-13 18:42:00 -Generating unique operation named: removeUsingPOST_4
2018-09-13 18:42:00 -Generating unique operation named: removeUsingPOST_5
2018-09-13 18:42:00 -Generating unique operation named: saveUsingPOST_2
2018-09-13 18:42:00 -Generating unique operation named: updateUsingGET_2
2018-09-13 18:42:00 -Generating unique operation named: updateUsingHEAD_2
2018-09-13 18:42:00 -Generating unique operation named: updateUsingPOST_2
2018-09-13 18:42:00 -Generating unique operation named: updateUsingPUT_2
2018-09-13 18:42:00 -Generating unique operation named: updateUsingPATCH_2
2018-09-13 18:42:00 -Generating unique operation named: updateUsingDELETE_2
2018-09-13 18:42:00 -Generating unique operation named: updateUsingOPTIONS_2
2018-09-13 18:42:00 -Generating unique operation named: updateUsingTRACE_2
2018-09-13 18:42:00 -Generating unique operation named: addUsingGET_3
2018-09-13 18:42:00 -Generating unique operation named: editUsingGET_3
2018-09-13 18:42:00 -Generating unique operation named: listUsingGET_3
2018-09-13 18:42:00 -Generating unique operation named: removeUsingPOST_6
2018-09-13 18:42:00 -Generating unique operation named: removeUsingPOST_7
2018-09-13 18:42:00 -Generating unique operation named: saveUsingPOST_3
2018-09-13 18:42:00 -Generating unique operation named: updateUsingGET_3
2018-09-13 18:42:00 -Generating unique operation named: updateUsingHEAD_3
2018-09-13 18:42:00 -Generating unique operation named: updateUsingPOST_3
2018-09-13 18:42:00 -Generating unique operation named: updateUsingPUT_3
2018-09-13 18:42:00 -Generating unique operation named: updateUsingPATCH_3
2018-09-13 18:42:00 -Generating unique operation named: updateUsingDELETE_3
2018-09-13 18:42:00 -Generating unique operation named: updateUsingOPTIONS_3
2018-09-13 18:42:00 -Generating unique operation named: updateUsingTRACE_3
2018-09-13 18:42:00 -Generating unique operation named: editUsingGET_4
2018-09-13 18:42:00 -Generating unique operation named: listUsingGET_4
2018-09-13 18:42:00 -Generating unique operation named: updateUsingPOST_4
2018-09-13 18:42:00 -Generating unique operation named: addUsingGET_4
2018-09-13 18:42:00 -Generating unique operation named: editUsingGET_5
2018-09-13 18:42:00 -Generating unique operation named: infoUsingGET_1
2018-09-13 18:42:00 -Generating unique operation named: infoUsingHEAD_1
2018-09-13 18:42:00 -Generating unique operation named: infoUsingPOST_1
2018-09-13 18:42:00 -Generating unique operation named: infoUsingPUT_1
2018-09-13 18:42:00 -Generating unique operation named: infoUsingPATCH_1
2018-09-13 18:42:00 -Generating unique operation named: infoUsingDELETE_1
2018-09-13 18:42:00 -Generating unique operation named: infoUsingOPTIONS_1
2018-09-13 18:42:00 -Generating unique operation named: infoUsingTRACE_1
2018-09-13 18:42:00 -Generating unique operation named: listUsingGET_5
2018-09-13 18:42:00 -Generating unique operation named: removeUsingPOST_8
2018-09-13 18:42:00 -Generating unique operation named: removeUsingPOST_9
2018-09-13 18:42:00 -Generating unique operation named: saveUsingPOST_4
2018-09-13 18:42:00 -Generating unique operation named: updateUsingPOST_5
2018-09-13 18:42:00 -Generating unique operation named: listUsingGET_6
2018-09-13 18:42:00 -Generating unique operation named: removeUsingPOST_10
2018-09-13 18:42:00 -Generating unique operation named: welcomeUsingGET_1
2018-09-13 18:42:01 -Generating unique operation named: addUsingGET_5
2018-09-13 18:42:01 -Generating unique operation named: editUsingGET_6
2018-09-13 18:42:01 -Generating unique operation named: listUsingGET_7
2018-09-13 18:42:01 -Generating unique operation named: removeUsingPOST_11
2018-09-13 18:42:01 -Generating unique operation named: saveUsingPOST_5
2018-09-13 18:42:01 -Generating unique operation named: treeUsingGET_1
2018-09-13 18:42:01 -Generating unique operation named: treeUsingGET_2
2018-09-13 18:42:01 -Generating unique operation named: updateUsingPOST_6
2018-09-13 18:42:01 -Generating unique operation named: batchRemoveUsingPOST_1
2018-09-13 18:42:01 -Generating unique operation named: editUsingGET_7
2018-09-13 18:42:01 -Generating unique operation named: listUsingGET_8
2018-09-13 18:42:01 -Generating unique operation named: addUsingGET_6
2018-09-13 18:42:01 -Generating unique operation named: editUsingGET_8
2018-09-13 18:42:01 -Generating unique operation named: listUsingGET_9
2018-09-13 18:42:01 -Generating unique operation named: removeUsingPOST_12
2018-09-13 18:42:01 -Generating unique operation named: removeUsingPOST_13
2018-09-13 18:42:01 -Generating unique operation named: saveUsingPOST_6
2018-09-13 18:42:01 -Generating unique operation named: updateUsingGET_4
2018-09-13 18:42:01 -Generating unique operation named: updateUsingHEAD_4
2018-09-13 18:42:01 -Generating unique operation named: updateUsingPOST_7
2018-09-13 18:42:01 -Generating unique operation named: updateUsingPUT_4
2018-09-13 18:42:01 -Generating unique operation named: updateUsingPATCH_4
2018-09-13 18:42:01 -Generating unique operation named: updateUsingDELETE_4
2018-09-13 18:42:01 -Generating unique operation named: updateUsingOPTIONS_4
2018-09-13 18:42:01 -Generating unique operation named: updateUsingTRACE_4
2018-09-13 18:42:01 -Generating unique operation named: addUsingGET_7
2018-09-13 18:42:01 -Generating unique operation named: batchRemoveUsingPOST_2
2018-09-13 18:42:02 -Generating unique operation named: deployUsingPOST_1
2018-09-13 18:42:02 -Generating unique operation named: listUsingGET_10
2018-09-13 18:42:02 -Generating unique operation named: removeUsingPOST_14
2018-09-13 18:42:02 -Generating unique operation named: addUsingGET_8
2018-09-13 18:42:02 -Generating unique operation named: editUsingGET_9
2018-09-13 18:42:02 -Generating unique operation named: listUsingGET_11
2018-09-13 18:42:02 -Generating unique operation named: removeUsingPOST_15
2018-09-13 18:42:02 -Generating unique operation named: removeUsingPOST_16
2018-09-13 18:42:02 -Generating unique operation named: saveUsingPOST_7
2018-09-13 18:42:02 -Generating unique operation named: updateUsingGET_5
2018-09-13 18:42:02 -Generating unique operation named: updateUsingHEAD_5
2018-09-13 18:42:02 -Generating unique operation named: updateUsingPOST_8
2018-09-13 18:42:02 -Generating unique operation named: updateUsingPUT_5
2018-09-13 18:42:02 -Generating unique operation named: updateUsingPATCH_5
2018-09-13 18:42:02 -Generating unique operation named: updateUsingDELETE_5
2018-09-13 18:42:02 -Generating unique operation named: updateUsingOPTIONS_5
2018-09-13 18:42:02 -Generating unique operation named: updateUsingTRACE_5
2018-09-13 18:42:02 -Generating unique operation named: addUsingGET_9
2018-09-13 18:42:02 -Generating unique operation named: batchRemoveUsingPOST_3
2018-09-13 18:42:02 -Generating unique operation named: editUsingGET_10
2018-09-13 18:42:02 -Generating unique operation named: listUsingGET_12
2018-09-13 18:42:02 -Generating unique operation named: saveUsingPOST_8
2018-09-13 18:42:02 -Generating unique operation named: saveUsingPOST_9
2018-09-13 18:42:02 -Generating unique operation named: updateUsingPOST_9
2018-09-13 18:42:02 -Generating unique operation named: addUsingGET_10
2018-09-13 18:42:02 -Generating unique operation named: editUsingGET_11
2018-09-13 18:42:02 -Generating unique operation named: listUsingGET_13
2018-09-13 18:42:02 -Generating unique operation named: removeUsingPOST_17
2018-09-13 18:42:02 -Generating unique operation named: removeUsingPOST_18
2018-09-13 18:42:02 -Generating unique operation named: updateUsingGET_6
2018-09-13 18:42:02 -Generating unique operation named: updateUsingHEAD_6
2018-09-13 18:42:02 -Generating unique operation named: updateUsingPOST_10
2018-09-13 18:42:02 -Generating unique operation named: updateUsingPUT_6
2018-09-13 18:42:02 -Generating unique operation named: updateUsingPATCH_6
2018-09-13 18:42:02 -Generating unique operation named: updateUsingDELETE_6
2018-09-13 18:42:02 -Generating unique operation named: updateUsingOPTIONS_6
2018-09-13 18:42:02 -Generating unique operation named: updateUsingTRACE_6
2018-09-13 18:42:02 -Generating unique operation named: listUsingGET_14
2018-09-13 18:42:02 -Generating unique operation named: listUsingHEAD_1
2018-09-13 18:42:02 -Generating unique operation named: listUsingPOST_1
2018-09-13 18:42:02 -Generating unique operation named: listUsingPUT_1
2018-09-13 18:42:02 -Generating unique operation named: listUsingPATCH_1
2018-09-13 18:42:02 -Generating unique operation named: listUsingDELETE_1
2018-09-13 18:42:02 -Generating unique operation named: listUsingOPTIONS_1
2018-09-13 18:42:02 -Generating unique operation named: listUsingTRACE_1
2018-09-13 18:42:02 -Generating unique operation named: addUsingGET_11
2018-09-13 18:42:02 -Generating unique operation named: editUsingGET_12
2018-09-13 18:42:02 -Generating unique operation named: listUsingGET_15
2018-09-13 18:42:02 -Generating unique operation named: removeUsingPOST_19
2018-09-13 18:42:02 -Generating unique operation named: removeUsingPOST_20
2018-09-13 18:42:02 -Generating unique operation named: saveUsingPOST_10
2018-09-13 18:42:02 -Generating unique operation named: updateUsingGET_7
2018-09-13 18:42:02 -Generating unique operation named: updateUsingHEAD_7
2018-09-13 18:42:02 -Generating unique operation named: updateUsingPOST_11
2018-09-13 18:42:02 -Generating unique operation named: updateUsingPUT_7
2018-09-13 18:42:02 -Generating unique operation named: updateUsingPATCH_7
2018-09-13 18:42:02 -Generating unique operation named: updateUsingDELETE_7
2018-09-13 18:42:02 -Generating unique operation named: updateUsingOPTIONS_7
2018-09-13 18:42:02 -Generating unique operation named: updateUsingTRACE_7
2018-09-13 18:42:02 -Generating unique operation named: listUsingGET_16
2018-09-13 18:42:03 -Generating unique operation named: addUsingGET_12
2018-09-13 18:42:03 -Generating unique operation named: batchRemoveUsingPOST_4
2018-09-13 18:42:03 -Generating unique operation named: editUsingGET_13
2018-09-13 18:42:03 -Generating unique operation named: listUsingGET_17
2018-09-13 18:42:03 -Generating unique operation named: removeUsingPOST_21
2018-09-13 18:42:03 -Generating unique operation named: saveUsingPOST_11
2018-09-13 18:42:03 -Generating unique operation named: treeUsingGET_3
2018-09-13 18:42:03 -Generating unique operation named: treeViewUsingGET_1
2018-09-13 18:42:03 -Generating unique operation named: updateUsingPOST_12
2018-09-13 18:42:03 -Generating unique operation named: addUsingGET_13
2018-09-13 18:42:03 -Generating unique operation named: editUsingGET_14
2018-09-13 18:42:03 -Generating unique operation named: listUsingGET_18
2018-09-13 18:42:03 -Generating unique operation named: listUsingHEAD_2
2018-09-13 18:42:03 -Generating unique operation named: listUsingPOST_2
2018-09-13 18:42:03 -Generating unique operation named: listUsingPUT_2
2018-09-13 18:42:03 -Generating unique operation named: listUsingPATCH_2
2018-09-13 18:42:03 -Generating unique operation named: listUsingDELETE_2
2018-09-13 18:42:03 -Generating unique operation named: listUsingOPTIONS_2
2018-09-13 18:42:03 -Generating unique operation named: listUsingTRACE_2
2018-09-13 18:42:03 -Generating unique operation named: menuUsingGET_1
2018-09-13 18:42:03 -Generating unique operation named: removeUsingPOST_22
2018-09-13 18:42:03 -Generating unique operation named: saveUsingPOST_12
2018-09-13 18:42:03 -Generating unique operation named: treeUsingGET_4
2018-09-13 18:42:03 -Generating unique operation named: treeUsingGET_5
2018-09-13 18:42:03 -Generating unique operation named: updateUsingPOST_13
2018-09-13 18:42:03 -Starting Quartz Scheduler now
2018-09-13 18:42:03 -Scheduler schedulerFactoryBean_$_NON_CLUSTERED started.
2018-09-13 18:42:03 -Starting...
2018-09-13 18:42:03 -BrokerAvailabilityEvent[available=true, SimpleBrokerMessageHandler [DefaultSubscriptionRegistry[cache[0 destination(s)], registry[0 sessions]]]]
2018-09-13 18:42:03 -Started.
2018-09-13 18:42:03 -Initializing ProtocolHandler ["http-nio-8999"]
2018-09-13 18:42:03 -Starting ProtocolHandler ["http-nio-8999"]
2018-09-13 18:42:03 -Using a shared selector for servlet write/read
2018-09-13 18:42:03 -Tomcat started on port(s): 8999 (http)
2018-09-13 18:42:04 -==>  Preparing: select `id`,`cron_expression`,`method_name`,`is_concurrent`,`description`,`update_by`,`bean_class`,`create_date`,`job_status`,`job_group`,`update_date`,`create_by`,`spring_bean`,`job_name` from sys_task order by id desc 
2018-09-13 18:42:04 -==> Parameters: 
2018-09-13 18:42:04 -<==      Total: 1
2018-09-13 18:42:04 -Started BootdoApplication in 49.337 seconds (JVM running for 51.044)
2018-09-13 18:42:15 -Initializing Spring FrameworkServlet 'dispatcherServlet'
2018-09-13 18:42:15 -FrameworkServlet 'dispatcherServlet': initialization started
2018-09-13 18:42:15 -FrameworkServlet 'dispatcherServlet': initialization completed in 149 ms
2018-09-13 18:42:15 -Enabling session validation scheduler...
2018-09-13 18:42:15 - : http://localhost:8999/login;JSESSIONID=016da6b5-06cd-4493-b6b6-0a4a8e20f7ab
2018-09-13 18:42:15 -HTTP METHOD : GET
2018-09-13 18:42:15 -CLASS_METHOD : com.bootdo.system.controller.LoginController.login
2018-09-13 18:42:15 - : []
2018-09-13 18:42:15 - : 8
2018-09-13 18:42:15 - : login
2018-09-13 18:42:15 -[THYMELEAF] INITIALIZING TEMPLATE ENGINE
2018-09-13 18:42:15 -[THYMELEAF] INITIALIZING TEMPLATE RESOLVER: org.thymeleaf.spring4.templateresolver.SpringResourceTemplateResolver
2018-09-13 18:42:15 -[THYMELEAF] TEMPLATE RESOLVER INITIALIZED OK
2018-09-13 18:42:15 -[THYMELEAF] INITIALIZING MESSAGE RESOLVER: org.thymeleaf.spring4.messageresolver.SpringMessageResolver
2018-09-13 18:42:15 -[THYMELEAF] MESSAGE RESOLVER INITIALIZED OK
2018-09-13 18:42:15 -[THYMELEAF] TEMPLATE ENGINE CONFIGURATION:
[THYMELEAF] * Cache Factory implementation: org.thymeleaf.cache.StandardCacheManager
[THYMELEAF] * Template modes:
[THYMELEAF]     * XML
[THYMELEAF]     * VALIDXML
[THYMELEAF]     * HTML5
[THYMELEAF]     * VALIDXHTML
[THYMELEAF]     * LEGACYHTML5
[THYMELEAF]     * XHTML
[THYMELEAF] * Template resolvers (in order):
[THYMELEAF]     * org.thymeleaf.spring4.templateresolver.SpringResourceTemplateResolver
[THYMELEAF] * Message resolvers (in order):
[THYMELEAF]     * org.thymeleaf.spring4.messageresolver.SpringMessageResolver
[THYMELEAF] * Dialect [1 of 3]: org.thymeleaf.spring4.dialect.SpringStandardDialect
[THYMELEAF]     * Prefix: "th"
[THYMELEAF] * Dialect [2 of 3]: at.pollux.thymeleaf.shiro.dialect.ShiroDialect
[THYMELEAF]     * Prefix: "shiro"
[THYMELEAF] * Dialect [3 of 3]: nz.net.ultraq.thymeleaf.LayoutDialect
[THYMELEAF]     * Prefix: "layout"
[THYMELEAF] TEMPLATE ENGINE CONFIGURED OK
2018-09-13 18:42:15 -[THYMELEAF] TEMPLATE ENGINE INITIALIZED
2018-09-13 18:42:19 - : http://localhost:8999/login
2018-09-13 18:42:19 -HTTP METHOD : GET
2018-09-13 18:42:19 -CLASS_METHOD : com.bootdo.system.controller.LoginController.login
2018-09-13 18:42:19 - : []
2018-09-13 18:42:19 - : 0
2018-09-13 18:42:19 - : login
2018-09-13 18:42:20 - : http://localhost:8999/login
2018-09-13 18:42:20 -HTTP METHOD : POST
2018-09-13 18:42:20 -CLASS_METHOD : com.bootdo.system.controller.LoginController.ajaxLogin
2018-09-13 18:42:20 - : [admin, 111111]
2018-09-13 18:42:20 -==>  Preparing: select `user_id`,`username`,`name`,`password`,`dept_id`,`email`,`mobile`,`status`,`user_id_create`,`gmt_create`,`gmt_modified`,`sex`,`birth`,`pic_id`,`live_address`,`hobby`,`province`,`city`,`district` from sys_user WHERE username = ? order by user_id desc 
2018-09-13 18:42:20 -==> Parameters: admin(String)
2018-09-13 18:42:20 -<==      Total: 1
2018-09-13 18:42:20 - : 107
2018-09-13 18:42:20 - : {msg=, code=0}
2018-09-13 18:42:21 -More than one TaskExecutor bean found within the context, and none is named 'taskExecutor'. Mark one of them as primary or name it 'taskExecutor' (possibly as an alias) in order to use it for async processing: [clientInboundChannelExecutor, clientOutboundChannelExecutor, brokerChannelExecutor, messageBrokerTaskScheduler]
2018-09-13 18:42:21 -==>  Preparing: insert into sys_log ( `user_id`, `username`, `operation`, `time`, `method`, `params`, `ip`, `gmt_create` ) values ( ?, ?, ?, ?, ?, ?, ?, ? ) 
2018-09-13 18:42:21 -==> Parameters: 1(Long), admin(String), (String), 109(Integer), com.bootdo.system.controller.LoginController.ajaxLogin()(String), null, 127.0.0.1(String), 2018-09-13 18:42:21.153(Timestamp)
2018-09-13 18:42:21 -<==    Updates: 1
2018-09-13 18:42:21 - : http://localhost:8999/index
2018-09-13 18:42:21 -HTTP METHOD : GET
2018-09-13 18:42:21 -CLASS_METHOD : com.bootdo.system.controller.LoginController.index
2018-09-13 18:42:21 - : [{}]
2018-09-13 18:42:21 -==>  Preparing: select distinct m.menu_id , parent_id, name, url, perms,`type`,icon,order_num,gmt_create, gmt_modified from sys_menu m left join sys_role_menu rm on m.menu_id = rm.menu_id left join sys_user_role ur on rm.role_id =ur.role_id where ur.user_id = ? and m.type in(0,1) order by m.order_num 
2018-09-13 18:42:21 -==> Parameters: 1(Long)
2018-09-13 18:42:22 -<==      Total: 31
2018-09-13 18:42:22 -==>  Preparing: select `id`,`type`,`url`,`create_date` from sys_file where id = ? 
2018-09-13 18:42:22 -==> Parameters: 138(Long)
2018-09-13 18:42:22 -<==      Total: 0
2018-09-13 18:42:22 - : 540
2018-09-13 18:42:22 - : index_v1
2018-09-13 18:42:22 -==>  Preparing: insert into sys_log ( `user_id`, `username`, `operation`, `time`, `method`, `params`, `ip`, `gmt_create` ) values ( ?, ?, ?, ?, ?, ?, ?, ? ) 
2018-09-13 18:42:22 -==> Parameters: 1(Long), admin(String), (String), 540(Integer), com.bootdo.system.controller.LoginController.index()(String), {"menus":[{"attributes":{"icon":"fa fa-bars","url":""},"checked":false,"children":[{"attributes":{"icon":"fa fa-book","url":"/common/dict"},"checked":false,"children":[],"hasChildren":false,"hasParent":true,"id":"78","parentId":"1","text":""},{"attributes":{"icon":"fa fa-folder-open","url":"/common/sysFile"},"checked":false,"children":[],"hasChildren":false,"hasParent":true,"id":"71","parentId":"1","text":""}],"hasChildren":true,"hasParent":false,"id":"1","parentId":"0","text":""},{"attributes":{"icon":"fa fa-desktop"},"checked":false,"children":[{"attributes":{"icon":"fa fa-user","url":"sys/user/"},"checked":false,"children":[],"hasChildren":false,"hasParent":true,"id":"6","parentId":"3","text":""},{"attributes":{"icon":"fa fa-paw","url":"sys/role"},"checked":false,"children":[],"hasChildren":false,"hasParent":true,"id":"7","parentId":"3","text":""},{"attributes":{"icon":"fa fa-th-list","url":"sys/menu/"},"checked":false,"children":[],"hasChildren":false,"hasParent":true,"id":"2","parentId":"3","text":""},{"attributes":{"icon":"fa fa-users","url":"/system/sysDept"},"checked":false,"children":[],"hasChildren":false,"hasParent":true,"id":"73","parentId":"3","text":""}],"hasChildren":true,"hasParent":false,"id":"3","parentId":"0","text":""},{"attributes":{"icon":"fa fa-comment-o","url":""},"checked":false,"children":[{"attributes":{"icon":"fa fa-university","url":"wechat/space"},"checked":false,"children":[],"hasChildren":false,"hasParent":true,"id":"103","parentId":"102","text":""},{"attributes":{"icon":"fa fa-ellipsis-h","url":"wechat/menu"},"checked":false,"children":[],"hasChildren":false,"hasParent":true,"id":"108","parentId":"102","text":""},{"attributes":{"icon":"fa fa-bullhorn","url":"wechat/respMsg"},"checked":false,"children":[],"hasChildren":false,"hasParent":true,"id":"113","parentId":"102","text":""}],"hasChildren":true,"hasParent":false,"id":"102","parentId":"0","text":""},{"attributes":{"icon":"fa fa-gear","url":""},"checked":false,"children":[{"attributes":{"icon":"fa fa-code","url":"common/generator"},"checked":false,"children":[],"hasChildren":false,"hasParent":true,"id":"48","parentId":"77","text":""},{"attributes":{"icon":"fa fa-hourglass-1","url":"common/job"},"checked":false,"children":[],"hasChildren":false,"hasParent":true,"id":"72","parentId":"77","text":""}],"hasChildren":true,"hasParent":false,"id":"77","parentId":"0","text":""},{"attributes":{"icon":"fa fa-video-camera","url":""},"checked":false,"children":[{"attributes":{"icon":"fa fa-user","url":"sys/online"},"checked":false,"children":[],"hasChildren":false,"hasParent":true,"id":"92","parentId":"91","text":""},{"attributes":{"icon":"fa fa-warning","url":"common/log"},"checked":false,"children":[],"hasChildren":false,"hasParent":true,"id":"27","parentId":"91","text":""},{"attributes":{"icon":"fa fa-caret-square-o-right","url":"/druid/index.html"},"checked":false,"children":[],"hasChildren":false,"hasParent":true,"id":"57","parentId":"91","text":""}],"hasChildren":true,"hasParent":false,"id":"91","parentId":"0","text":""},{"attributes":{"icon":"fa fa-laptop","url":""},"checked":false,"children":[{"attributes":{"icon":"fa fa-pencil-square","url":"oa/notify"},"checked":false,"children":[],"hasChildren":false,"hasParent":true,"id":"85","parentId":"84","text":""},{"attributes":{"icon":"fa fa-envelope-square","url":"oa/notify/selfNotify"},"checked":false,"children":[],"hasChildren":false,"hasParent":true,"id":"90","parentId":"84","text":""}],"hasChildren":true,"hasParent":false,"id":"84","parentId":"0","text":""},{"attributes":{"icon":"fa fa-rss","url":""},"checked":false,"children":[{"attributes":{"icon":"fa fa-edit","url":"/blog/bContent/add"},"checked":false,"children":[],"hasChildren":false,"hasParent":true,"id":"68","parentId":"49","text":""},{"attributes":{"icon":"fa fa-file-image-o","url":"blog/bContent"},"checked":false,"children":[],"hasChildren":false,"hasParent":true,"id":"50","parentId":"49","text":""}],"hasChildren":true,"hasParent":false,"id":"49","parentId":"0","text":""},{"attributes":{"icon":"fa fa-print","url":""},"checked":false,"children":[{"attributes":{"icon":"","url":"activiti/task/todo"},"checked":false,"children":[],"hasChildren":false,"hasParent":true,"id":"101","parentId":"93","text":""},{"attributes":{"icon":"fa fa-flag","url":"activiti/process"},"checked":false,"children":[],"hasChildren":false,"hasParent":true,"id":"96","parentId":"93","text":""},{"attributes":{"icon":"fa fa-sort-amount-asc","url":"activiti/model"},"checked":false,"children":[],"hasChildren":false,"hasParent":true,"id":"94","parentId":"93","text":""}],"hasChildren":true,"hasParent":false,"id":"93","parentId":"0","text":""},{"attributes":{"icon":"fa fa-bar-chart","url":""},"checked":false,"children":[{"attributes":{"icon":"fa fa-area-chart","url":"/chart/graph_echarts.html"},"checked":false,"children":[],"hasChildren":false,"(String), 127.0.0.1(String), 2018-09-13 18:42:22.449(Timestamp)
2018-09-13 18:42:22 -<==    Updates: 1
2018-09-13 18:42:23 - : http://localhost:8999/main
2018-09-13 18:42:23 -HTTP METHOD : GET
2018-09-13 18:42:23 -CLASS_METHOD : com.bootdo.system.controller.LoginController.main
2018-09-13 18:42:23 - : []
2018-09-13 18:42:23 - : 1
2018-09-13 18:42:23 - : main
2018-09-13 18:42:24 - : http://localhost:8999/oa/notify/message
2018-09-13 18:42:24 -HTTP METHOD : GET
2018-09-13 18:42:24 -CLASS_METHOD : com.bootdo.oa.controller.NotifyController.message
2018-09-13 18:42:24 - : []
2018-09-13 18:42:24 -==>  Preparing: select DISTINCT n.id ,`type`,`title`,`content`,`files`,r.is_read,`status`,`create_by`,`create_date`,`update_by`,`update_date`,`remarks`,`del_flag` from oa_notify_record r right JOIN oa_notify n on r.notify_id = n.id WHERE r.is_read = ? and r.user_id = ? order by is_read ASC, update_date DESC limit ?, ? 
2018-09-13 18:42:24 -==> Parameters: 0(String), 1(Long), 0(Integer), 3(Integer)
2018-09-13 18:42:24 - : http://localhost:8999/main
2018-09-13 18:42:24 -HTTP METHOD : GET
2018-09-13 18:42:24 -CLASS_METHOD : com.bootdo.system.controller.LoginController.main
2018-09-13 18:42:24 - : []
2018-09-13 18:42:24 - : 9
2018-09-13 18:42:24 - : main
2018-09-13 18:42:24 -<==      Total: 0
2018-09-13 18:42:24 -==>  Preparing: select count(*) from oa_notify_record r right JOIN oa_notify n on r.notify_id = n.id where r.user_id =? and r.is_read = ? 
2018-09-13 18:42:24 -==> Parameters: 1(Long), 0(String)
2018-09-13 18:42:25 -<==      Total: 1
2018-09-13 18:42:25 - : 242
2018-09-13 18:42:25 - : com.bootdo.common.utils.PageUtils@73e82aa6
2018-09-13 18:42:31 -==>  Preparing: select distinct m.perms from sys_menu m left join sys_role_menu rm on m.menu_id = rm.menu_id left join sys_user_role ur on rm.role_id = ur.role_id where ur.user_id = ? 
2018-09-13 18:42:31 -==> Parameters: 1(Long)
2018-09-13 18:42:31 -<==      Total: 62
2018-09-13 18:42:31 - : http://localhost:8999/wechat/respMsg
2018-09-13 18:42:31 -HTTP METHOD : GET
2018-09-13 18:42:31 -CLASS_METHOD : com.bootdo.wechat.controller.RespMsgController.RespMsg
2018-09-13 18:42:31 - : []
2018-09-13 18:42:31 - : 0
2018-09-13 18:42:31 - : wechat/respMsg/respMsg
2018-09-13 18:42:32 - : http://localhost:8999/wechat/respMsg/list
2018-09-13 18:42:32 -HTTP METHOD : GET
2018-09-13 18:42:32 -CLASS_METHOD : com.bootdo.wechat.controller.RespMsgController.list
2018-09-13 18:42:32 - : [{limit=10, offset=0}]
2018-09-13 18:42:32 -==>  Preparing: select `msg_id`,`msg_type`,`title`,`description`,`pic_url`,`url`,`content`,`func_flag`,`key_word`,`key_word_type`,`req_msg_type` from wechat_resp_msg order by msg_id desc limit ?, ? 
2018-09-13 18:42:32 -==> Parameters: 0(Integer), 10(Integer)
2018-09-13 18:42:32 -<==      Total: 9
2018-09-13 18:42:32 -==>  Preparing: select count(*) from wechat_resp_msg 
2018-09-13 18:42:32 -==> Parameters: 
2018-09-13 18:42:32 -<==      Total: 1
2018-09-13 18:42:32 - : 159
2018-09-13 18:42:32 - : com.bootdo.common.utils.PageUtils@7c617356
2018-09-13 18:42:51 -WebSocketSession[1 current WS(0)-HttpStream(1)-HttpPoll(0), 2 total, 0 closed abnormally (0 connect failure, 0 send limit, 3 transport error)], stompSubProtocol[processed CONNECT(1)-CONNECTED(1)-DISCONNECT(0)], stompBrokerRelay[null], inboundChannel[pool size = 4, active threads = 0, queued tasks = 0, completed tasks = 12], outboundChannelpool size = 2, active threads = 0, queued tasks = 0, completed tasks = 2], sockJsScheduler[pool size = 2, active threads = 1, queued tasks = 2, completed tasks = 6]
2018-09-13 18:43:19 - : http://localhost:8999/wechat/respMsg/list
2018-09-13 18:43:19 -HTTP METHOD : GET
2018-09-13 18:43:19 -CLASS_METHOD : com.bootdo.wechat.controller.RespMsgController.list
2018-09-13 18:43:19 - : [{limit=10, offset=0}]
2018-09-13 18:43:19 -==>  Preparing: select `msg_id`,`msg_type`,`title`,`description`,`pic_url`,`url`,`content`,`func_flag`,`key_word`,`key_word_type`,`req_msg_type` from wechat_resp_msg order by msg_id desc limit ?, ? 
2018-09-13 18:43:19 -==> Parameters: 0(Integer), 10(Integer)
2018-09-13 18:43:19 -<==      Total: 9
2018-09-13 18:43:19 -==>  Preparing: select count(*) from wechat_resp_msg 
2018-09-13 18:43:19 -==> Parameters: 
2018-09-13 18:43:19 -<==      Total: 1
2018-09-13 18:43:19 - : 24
2018-09-13 18:43:19 - : com.bootdo.common.utils.PageUtils@4d66ea8c
