2019-01-18 21:50:02 -Starting BootdoApplication on PC-20190118YISN with PID 5072 (D:\workspace\bootdo\target\classes started by Administrator in D:\workspace\bootdo)
2019-01-18 21:50:02 -Running with Spring Boot v1.5.9.RELEASE, Spring v4.3.13.RELEASE
2019-01-18 21:50:02 -The following profiles are active: dev
2019-01-18 21:50:03 -Refreshing org.springframework.boot.context.embedded.AnnotationConfigEmbeddedWebApplicationContext@6e0f5f7f: startup date [Fri Jan 18 21:50:03 CST 2019]; root of context hierarchy
2019-01-18 21:50:04 -HV000001: Hibernate Validator 5.3.6.Final
2019-01-18 21:50:09 -Multiple Spring Data modules found, entering strict repository configuration mode!
2019-01-18 21:50:13 -Bean 'org.springframework.cache.annotation.ProxyCachingConfiguration' of type [org.springframework.cache.annotation.ProxyCachingConfiguration$$EnhancerBySpringCGLIB$$a50032b9] is not eligible for getting processed by all BeanPostProcessors (for example: not eligible for auto-proxying)
2019-01-18 21:50:13 -Bean 'org.springframework.boot.autoconfigure.cache.CacheAutoConfiguration' of type [org.springframework.boot.autoconfigure.cache.CacheAutoConfiguration$$EnhancerBySpringCGLIB$$9973f75d] is not eligible for getting processed by all BeanPostProcessors (for example: not eligible for auto-proxying)
2019-01-18 21:50:13 -Bean 'spring.cache-org.springframework.boot.autoconfigure.cache.CacheProperties' of type [org.springframework.boot.autoconfigure.cache.CacheProperties] is not eligible for getting processed by all BeanPostProcessors (for example: not eligible for auto-proxying)
2019-01-18 21:50:14 -Bean 'cacheManagerCustomizers' of type [org.springframework.boot.autoconfigure.cache.CacheManagerCustomizers] is not eligible for getting processed by all BeanPostProcessors (for example: not eligible for auto-proxying)
2019-01-18 21:50:14 -Bean 'org.springframework.boot.autoconfigure.cache.EhCacheCacheConfiguration' of type [org.springframework.boot.autoconfigure.cache.EhCacheCacheConfiguration$$EnhancerBySpringCGLIB$$3412c45b] is not eligible for getting processed by all BeanPostProcessors (for example: not eligible for auto-proxying)
2019-01-18 21:50:14 -Bean 'ehCacheCacheManager' of type [net.sf.ehcache.CacheManager] is not eligible for getting processed by all BeanPostProcessors (for example: not eligible for auto-proxying)
2019-01-18 21:50:14 -Bean 'cacheManager' of type [org.springframework.cache.ehcache.EhCacheCacheManager] is not eligible for getting processed by all BeanPostProcessors (for example: not eligible for auto-proxying)
2019-01-18 21:50:14 -Bean 'cacheAutoConfigurationValidator' of type [org.springframework.boot.autoconfigure.cache.CacheAutoConfiguration$CacheManagerValidator] is not eligible for getting processed by all BeanPostProcessors (for example: not eligible for auto-proxying)
2019-01-18 21:50:14 -Bean 'org.springframework.transaction.annotation.ProxyTransactionManagementConfiguration' of type [org.springframework.transaction.annotation.ProxyTransactionManagementConfiguration$$EnhancerBySpringCGLIB$$5bedfc9b] is not eligible for getting processed by all BeanPostProcessors (for example: not eligible for auto-proxying)
2019-01-18 21:50:15 -Bean 'shiroConfig' of type [com.bootdo.system.config.ShiroConfig$$EnhancerBySpringCGLIB$$4e472b42] is not eligible for getting processed by all BeanPostProcessors (for example: not eligible for auto-proxying)
2019-01-18 21:50:16 -Bean 'userRealm' of type [com.bootdo.system.shiro.UserRealm] is not eligible for getting processed by all BeanPostProcessors (for example: not eligible for auto-proxying)
2019-01-18 21:50:16 -No configuration found. Configuring ehcache from ehcache-failsafe.xml  found in the classpath: jar:file:/C:/Users/Administrator.PC-20190118YISN/.m2/repository/net/sf/ehcache/ehcache-core/2.5.3/ehcache-core-2.5.3.jar!/ehcache-failsafe.xml
2019-01-18 21:50:16 -Bean 'ehCacheManager' of type [org.apache.shiro.cache.ehcache.EhCacheManager] is not eligible for getting processed by all BeanPostProcessors (for example: not eligible for auto-proxying)
2019-01-18 21:50:16 -Cache with name 'com.bootdo.system.shiro.UserRealm.authorizationCache' does not yet exist.  Creating now.
2019-01-18 21:50:16 -Added EhCache named [com.bootdo.system.shiro.UserRealm.authorizationCache]
2019-01-18 21:50:17 -Bean 'sessionDAO' of type [org.apache.shiro.session.mgt.eis.MemorySessionDAO] is not eligible for getting processed by all BeanPostProcessors (for example: not eligible for auto-proxying)
2019-01-18 21:50:17 -Bean 'sessionManager' of type [org.apache.shiro.web.session.mgt.DefaultWebSessionManager] is not eligible for getting processed by all BeanPostProcessors (for example: not eligible for auto-proxying)
2019-01-18 21:50:17 -Bean 'securityManager' of type [org.apache.shiro.web.mgt.DefaultWebSecurityManager] is not eligible for getting processed by all BeanPostProcessors (for example: not eligible for auto-proxying)
2019-01-18 21:50:17 -Bean 'authorizationAttributeSourceAdvisor' of type [org.apache.shiro.spring.security.interceptor.AuthorizationAttributeSourceAdvisor] is not eligible for getting processed by all BeanPostProcessors (for example: not eligible for auto-proxying)
2019-01-18 21:50:18 -Tomcat initialized with port(s): 8999 (http)
2019-01-18 21:50:18 -Starting service [Tomcat]
2019-01-18 21:50:18 -Starting Servlet Engine: Apache Tomcat/8.5.23
2019-01-18 21:50:20 -Initializing Spring embedded WebApplicationContext
2019-01-18 21:50:20 -Root WebApplicationContext: initialization completed in 16908 ms
2019-01-18 21:50:22 -Mapping filter: 'characterEncodingFilter' to: [/*]
2019-01-18 21:50:22 -Mapping filter: 'hiddenHttpMethodFilter' to: [/*]
2019-01-18 21:50:22 -Mapping filter: 'httpPutFormContentFilter' to: [/*]
2019-01-18 21:50:22 -Mapping filter: 'requestContextFilter' to: [/*]
2019-01-18 21:50:22 -Mapping filter: 'springSecurityFilterChain' to: [/*]
2019-01-18 21:50:22 -Filter xssFilter was not registered (disabled)
2019-01-18 21:50:22 -Mapping filter: 'webStatFilter' to urls: [/*]
2019-01-18 21:50:22 -Mapping filter: 'shiroFilterFactoryBean' to: [/*]
2019-01-18 21:50:22 -Mapping servlet: 'statViewServlet' to [/druid/*]
2019-01-18 21:50:22 -Mapping servlet: 'dispatcherServlet' to [/]
2019-01-18 21:50:23 -{dataSource-1} inited
2019-01-18 21:50:27 -ProcessEngine default created
2019-01-18 21:50:30 -ApplicationContext registed-->org.springframework.boot.context.embedded.AnnotationConfigEmbeddedWebApplicationContext@6e0f5f7f: startup date [Fri Jan 18 21:50:03 CST 2019]; root of context hierarchy
2019-01-18 21:50:31 -Using default implementation for ThreadExecutor
2019-01-18 21:50:31 -Initialized Scheduler Signaller of type: class org.quartz.core.SchedulerSignalerImpl
2019-01-18 21:50:31 -Quartz Scheduler v.2.2.1 created.
2019-01-18 21:50:31 -RAMJobStore initialized.
2019-01-18 21:50:31 -Scheduler meta-data: Quartz Scheduler (v2.2.1) 'schedulerFactoryBean' with instanceId 'NON_CLUSTERED'
  Scheduler class: 'org.quartz.core.QuartzScheduler' - running locally.
  NOT STARTED.
  Currently in standby mode.
  Number of jobs executed: 0
  Using thread pool 'org.quartz.simpl.SimpleThreadPool' - with 10 threads.
  Using job-store 'org.quartz.simpl.RAMJobStore' - which does not support persistence. and is not clustered.

2019-01-18 21:50:31 -Quartz scheduler 'schedulerFactoryBean' initialized from an externally provided properties instance.
2019-01-18 21:50:31 -Quartz scheduler version: 2.2.1
2019-01-18 21:50:31 -JobFactory set to: com.bootdo.common.quartz.factory.JobFactory@22ae32ba
2019-01-18 21:50:31 -Initializing ExecutorService  'clientInboundChannelExecutor'
2019-01-18 21:50:31 -Initializing ExecutorService  'clientOutboundChannelExecutor'
2019-01-18 21:50:37 -Mapped "{[/activiti/model/{id}],methods=[DELETE]}" onto public com.bootdo.common.utils.R com.bootdo.activiti.controller.ModelController.remove(java.lang.String)
2019-01-18 21:50:37 -Mapped "{[/activiti/model/list],methods=[GET]}" onto com.bootdo.common.utils.PageUtils com.bootdo.activiti.controller.ModelController.list(int,int)
2019-01-18 21:50:37 -Mapped "{[/activiti/model/batchRemove],methods=[POST]}" onto public com.bootdo.common.utils.R com.bootdo.activiti.controller.ModelController.batchRemove(java.lang.String[])
2019-01-18 21:50:37 -Mapped "{[/activiti/model],methods=[GET]}" onto org.springframework.web.servlet.ModelAndView com.bootdo.activiti.controller.ModelController.model()
2019-01-18 21:50:37 -Mapped "{[/activiti/model/add]}" onto public void com.bootdo.activiti.controller.ModelController.newModel(javax.servlet.http.HttpServletResponse) throws java.io.UnsupportedEncodingException
2019-01-18 21:50:37 -Mapped "{[/activiti/model/{modelId}/save],methods=[PUT]}" onto public void com.bootdo.activiti.controller.ModelController.saveModel(java.lang.String,java.lang.String,java.lang.String,java.lang.String,java.lang.String)
2019-01-18 21:50:37 -Mapped "{[/activiti/model/{modelId}/json],methods=[GET]}" onto public com.fasterxml.jackson.databind.node.ObjectNode com.bootdo.activiti.controller.ModelController.getEditorJson(java.lang.String)
2019-01-18 21:50:37 -Mapped "{[/activiti/editor/stencilset],methods=[GET],produces=[application/json;charset=utf-8]}" onto public java.lang.String com.bootdo.activiti.controller.ModelController.getStencilset()
2019-01-18 21:50:37 -Mapped "{[/activiti/model/edit/{id}],methods=[GET]}" onto public void com.bootdo.activiti.controller.ModelController.edit(javax.servlet.http.HttpServletResponse,java.lang.String)
2019-01-18 21:50:37 -Mapped "{[/activiti/model/deploy/{id}],methods=[POST]}" onto public com.bootdo.common.utils.R com.bootdo.activiti.controller.ModelController.deploy(java.lang.String) throws java.lang.Exception
2019-01-18 21:50:37 -Mapped "{[/activiti/model/export/{id}],methods=[GET]}" onto public void com.bootdo.activiti.controller.ModelController.exportToXml(java.lang.String,javax.servlet.http.HttpServletResponse)
2019-01-18 21:50:37 -Mapped "{[/activiti/process/add],methods=[GET]}" onto public org.springframework.web.servlet.ModelAndView com.bootdo.activiti.controller.ProcessController.add()
2019-01-18 21:50:37 -Mapped "{[/activiti/process/remove],methods=[POST]}" onto public com.bootdo.common.utils.R com.bootdo.activiti.controller.ProcessController.remove(java.lang.String)
2019-01-18 21:50:37 -Mapped "{[/activiti/process/list],methods=[GET]}" onto com.bootdo.common.utils.PageUtils com.bootdo.activiti.controller.ProcessController.list(int,int)
2019-01-18 21:50:37 -Mapped "{[/activiti/process/batchRemove],methods=[POST]}" onto public com.bootdo.common.utils.R com.bootdo.activiti.controller.ProcessController.batchRemove(java.lang.String[])
2019-01-18 21:50:37 -Mapped "{[/activiti/process],methods=[GET]}" onto org.springframework.web.servlet.ModelAndView com.bootdo.activiti.controller.ProcessController.process()
2019-01-18 21:50:37 -Mapped "{[/activiti/process/save],methods=[POST]}" onto public com.bootdo.common.utils.R com.bootdo.activiti.controller.ProcessController.deploy(java.lang.String,java.lang.String,org.springframework.web.multipart.MultipartFile)
2019-01-18 21:50:37 -Mapped "{[/activiti/process/convertToModel/{procDefId}]}" onto public com.bootdo.common.utils.R com.bootdo.activiti.controller.ProcessController.convertToModel(java.lang.String,org.springframework.web.servlet.mvc.support.RedirectAttributes) throws java.io.UnsupportedEncodingException,javax.xml.stream.XMLStreamException
2019-01-18 21:50:37 -Mapped "{[/activiti/process/resource/read/{xml}/{id}]}" onto public void com.bootdo.activiti.controller.ProcessController.resourceRead(java.lang.String,java.lang.String,javax.servlet.http.HttpServletResponse) throws java.lang.Exception
2019-01-18 21:50:37 -Mapped "{[/act/salary/form],methods=[GET]}" onto java.lang.String com.bootdo.activiti.controller.SalaryController.add()
2019-01-18 21:50:37 -Mapped "{[/act/salary/remove],methods=[POST]}" onto public com.bootdo.common.utils.R com.bootdo.activiti.controller.SalaryController.remove(java.lang.String)
2019-01-18 21:50:37 -Mapped "{[/act/salary/batchRemove],methods=[POST]}" onto public com.bootdo.common.utils.R com.bootdo.activiti.controller.SalaryController.remove(java.lang.String[])
2019-01-18 21:50:37 -Mapped "{[/act/salary/update]}" onto public com.bootdo.common.utils.R com.bootdo.activiti.controller.SalaryController.update(com.bootdo.activiti.domain.SalaryDO)
2019-01-18 21:50:37 -Mapped "{[/act/salary/list],methods=[GET]}" onto public com.bootdo.common.utils.PageUtils com.bootdo.activiti.controller.SalaryController.list(java.util.Map<java.lang.String, java.lang.Object>)
2019-01-18 21:50:37 -Mapped "{[/act/salary/form/{taskId}],methods=[GET]}" onto java.lang.String com.bootdo.activiti.controller.SalaryController.edit(java.lang.String,org.springframework.ui.Model)
2019-01-18 21:50:37 -Mapped "{[/act/salary],methods=[GET]}" onto java.lang.String com.bootdo.activiti.controller.SalaryController.Salary()
2019-01-18 21:50:37 -Mapped "{[/act/salary/save],methods=[POST]}" onto public com.bootdo.common.utils.R com.bootdo.activiti.controller.SalaryController.saveOrUpdate(com.bootdo.activiti.domain.SalaryDO)
2019-01-18 21:50:37 -Mapped "{[/activiti/task/form/{procDefId}/{taskId}],methods=[GET]}" onto public void com.bootdo.activiti.controller.TaskController.form(java.lang.String,java.lang.String,javax.servlet.http.HttpServletResponse) throws java.io.IOException
2019-01-18 21:50:37 -Mapped "{[/activiti/task/gotoList],methods=[GET]}" onto com.bootdo.common.utils.PageUtils com.bootdo.activiti.controller.TaskController.list(int,int)
2019-01-18 21:50:37 -Mapped "{[/activiti/task/goto],methods=[GET]}" onto public org.springframework.web.servlet.ModelAndView com.bootdo.activiti.controller.TaskController.gotoTask()
2019-01-18 21:50:37 -Mapped "{[/activiti/task/form/{procDefId}],methods=[GET]}" onto public void com.bootdo.activiti.controller.TaskController.startForm(java.lang.String,javax.servlet.http.HttpServletResponse) throws java.io.IOException
2019-01-18 21:50:37 -Mapped "{[/activiti/task/todo],methods=[GET]}" onto org.springframework.web.servlet.ModelAndView com.bootdo.activiti.controller.TaskController.todo()
2019-01-18 21:50:37 -Mapped "{[/activiti/task/todoList],methods=[GET]}" onto java.util.List<com.bootdo.activiti.vo.TaskVO> com.bootdo.activiti.controller.TaskController.todoList()
2019-01-18 21:50:37 -Mapped "{[/activiti/task/trace/photo/{procDefId}/{execId}]}" onto public void com.bootdo.activiti.controller.TaskController.tracePhoto(java.lang.String,java.lang.String,javax.servlet.http.HttpServletResponse) throws java.lang.Exception
2019-01-18 21:50:37 -Mapped "{[/blog/open/post/{cid}],methods=[GET]}" onto java.lang.String com.bootdo.blog.controller.BlogController.post(java.lang.Long,org.springframework.ui.Model)
2019-01-18 21:50:37 -Mapped "{[/blog],methods=[GET]}" onto java.lang.String com.bootdo.blog.controller.BlogController.blog()
2019-01-18 21:50:37 -Mapped "{[/blog/open/list],methods=[GET]}" onto public com.bootdo.common.utils.PageUtils com.bootdo.blog.controller.BlogController.opentList(java.util.Map<java.lang.String, java.lang.Object>)
2019-01-18 21:50:37 -Mapped "{[/blog/open/page/{categories}],methods=[GET]}" onto java.lang.String com.bootdo.blog.controller.BlogController.about(java.lang.String,org.springframework.ui.Model)
2019-01-18 21:50:37 -Mapped "{[/blog/bContent/add],methods=[GET]}" onto java.lang.String com.bootdo.blog.controller.ContentController.add()
2019-01-18 21:50:37 -Mapped "{[/blog/bContent/remove],methods=[POST]}" onto public com.bootdo.common.utils.R com.bootdo.blog.controller.ContentController.remove(java.lang.Long)
2019-01-18 21:50:37 -Mapped "{[/blog/bContent/batchRemove],methods=[POST]}" onto public com.bootdo.common.utils.R com.bootdo.blog.controller.ContentController.remove(java.lang.Long[])
2019-01-18 21:50:37 -Mapped "{[/blog/bContent/update]}" onto public com.bootdo.common.utils.R com.bootdo.blog.controller.ContentController.update(com.bootdo.blog.domain.ContentDO)
2019-01-18 21:50:37 -Mapped "{[/blog/bContent/list],methods=[GET]}" onto public com.bootdo.common.utils.PageUtils com.bootdo.blog.controller.ContentController.list(java.util.Map<java.lang.String, java.lang.Object>)
2019-01-18 21:50:37 -Mapped "{[/blog/bContent/save],methods=[POST]}" onto public com.bootdo.common.utils.R com.bootdo.blog.controller.ContentController.save(com.bootdo.blog.domain.ContentDO)
2019-01-18 21:50:37 -Mapped "{[/blog/bContent/edit/{cid}],methods=[GET]}" onto java.lang.String com.bootdo.blog.controller.ContentController.edit(java.lang.Long,org.springframework.ui.Model)
2019-01-18 21:50:37 -Mapped "{[/blog/bContent],methods=[GET]}" onto java.lang.String com.bootdo.blog.controller.ContentController.bContent()
2019-01-18 21:50:37 -Mapped "{[/common/dict/add],methods=[GET]}" onto java.lang.String com.bootdo.common.controller.DictController.add()
2019-01-18 21:50:37 -Mapped "{[/common/dict/remove],methods=[POST]}" onto public com.bootdo.common.utils.R com.bootdo.common.controller.DictController.remove(java.lang.Long)
2019-01-18 21:50:37 -Mapped "{[/common/dict/batchRemove],methods=[POST]}" onto public com.bootdo.common.utils.R com.bootdo.common.controller.DictController.remove(java.lang.Long[])
2019-01-18 21:50:37 -Mapped "{[/common/dict/update]}" onto public com.bootdo.common.utils.R com.bootdo.common.controller.DictController.update(com.bootdo.common.domain.DictDO)
2019-01-18 21:50:37 -Mapped "{[/common/dict/list],methods=[GET]}" onto public com.bootdo.common.utils.PageUtils com.bootdo.common.controller.DictController.list(java.util.Map<java.lang.String, java.lang.Object>)
2019-01-18 21:50:37 -Mapped "{[/common/dict/save],methods=[POST]}" onto public com.bootdo.common.utils.R com.bootdo.common.controller.DictController.save(com.bootdo.common.domain.DictDO)
2019-01-18 21:50:37 -Mapped "{[/common/dict/type],methods=[GET]}" onto public java.util.List<com.bootdo.common.domain.DictDO> com.bootdo.common.controller.DictController.listType()
2019-01-18 21:50:37 -Mapped "{[/common/dict/edit/{id}],methods=[GET]}" onto java.lang.String com.bootdo.common.controller.DictController.edit(java.lang.Long,org.springframework.ui.Model)
2019-01-18 21:50:37 -Mapped "{[/common/dict],methods=[GET]}" onto java.lang.String com.bootdo.common.controller.DictController.dict()
2019-01-18 21:50:37 -Mapped "{[/common/dict/add/{type}/{description}],methods=[GET]}" onto java.lang.String com.bootdo.common.controller.DictController.addD(org.springframework.ui.Model,java.lang.String,java.lang.String)
2019-01-18 21:50:37 -Mapped "{[/common/dict/list/{type}],methods=[GET]}" onto public java.util.List<com.bootdo.common.domain.DictDO> com.bootdo.common.controller.DictController.listByType(java.lang.String)
2019-01-18 21:50:37 -Mapped "{[/common/sysFile/add],methods=[GET]}" onto java.lang.String com.bootdo.common.controller.FileController.add()
2019-01-18 21:50:37 -Mapped "{[/common/sysFile/remove],methods=[POST]}" onto public com.bootdo.common.utils.R com.bootdo.common.controller.FileController.remove(java.lang.Long,javax.servlet.http.HttpServletRequest)
2019-01-18 21:50:37 -Mapped "{[/common/sysFile/batchRemove],methods=[POST]}" onto public com.bootdo.common.utils.R com.bootdo.common.controller.FileController.remove(java.lang.Long[])
2019-01-18 21:50:37 -Mapped "{[/common/sysFile/update]}" onto public com.bootdo.common.utils.R com.bootdo.common.controller.FileController.update(com.bootdo.common.domain.FileDO)
2019-01-18 21:50:37 -Mapped "{[/common/sysFile/list],methods=[GET]}" onto public com.bootdo.common.utils.PageUtils com.bootdo.common.controller.FileController.list(java.util.Map<java.lang.String, java.lang.Object>)
2019-01-18 21:50:37 -Mapped "{[/common/sysFile/save],methods=[POST]}" onto public com.bootdo.common.utils.R com.bootdo.common.controller.FileController.save(com.bootdo.common.domain.FileDO)
2019-01-18 21:50:37 -Mapped "{[/common/sysFile/info/{id}]}" onto public com.bootdo.common.utils.R com.bootdo.common.controller.FileController.info(java.lang.Long)
2019-01-18 21:50:37 -Mapped "{[/common/sysFile/edit],methods=[GET]}" onto java.lang.String com.bootdo.common.controller.FileController.edit(java.lang.Long,org.springframework.ui.Model)
2019-01-18 21:50:37 -Mapped "{[/common/sysFile],methods=[GET]}" onto java.lang.String com.bootdo.common.controller.FileController.sysFile(org.springframework.ui.Model)
2019-01-18 21:50:37 -Mapped "{[/common/sysFile/upload],methods=[POST]}" onto com.bootdo.common.utils.R com.bootdo.common.controller.FileController.upload(org.springframework.web.multipart.MultipartFile,javax.servlet.http.HttpServletRequest)
2019-01-18 21:50:37 -Mapped "{[/common/generator/update],methods=[POST]}" onto com.bootdo.common.utils.R com.bootdo.common.controller.GeneratorController.update(java.util.Map<java.lang.String, java.lang.Object>)
2019-01-18 21:50:37 -Mapped "{[/common/generator/list],methods=[GET]}" onto java.util.List<java.util.Map<java.lang.String, java.lang.Object>> com.bootdo.common.controller.GeneratorController.list()
2019-01-18 21:50:37 -Mapped "{[/common/generator/code/{tableName}]}" onto public void com.bootdo.common.controller.GeneratorController.code(javax.servlet.http.HttpServletRequest,javax.servlet.http.HttpServletResponse,java.lang.String) throws java.io.IOException
2019-01-18 21:50:37 -Mapped "{[/common/generator],methods=[GET]}" onto java.lang.String com.bootdo.common.controller.GeneratorController.generator()
2019-01-18 21:50:37 -Mapped "{[/common/generator/edit],methods=[GET]}" onto public java.lang.String com.bootdo.common.controller.GeneratorController.edit(org.springframework.ui.Model)
2019-01-18 21:50:37 -Mapped "{[/common/generator/batchCode]}" onto public void com.bootdo.common.controller.GeneratorController.batchCode(javax.servlet.http.HttpServletRequest,javax.servlet.http.HttpServletResponse,java.lang.String) throws java.io.IOException
2019-01-18 21:50:37 -Mapped "{[/common/job/add],methods=[GET]}" onto java.lang.String com.bootdo.common.controller.JobController.add()
2019-01-18 21:50:37 -Mapped "{[/common/job/remove],methods=[POST]}" onto public com.bootdo.common.utils.R com.bootdo.common.controller.JobController.remove(java.lang.Long)
2019-01-18 21:50:37 -Mapped "{[/common/job/batchRemove],methods=[POST]}" onto public com.bootdo.common.utils.R com.bootdo.common.controller.JobController.remove(java.lang.Long[])
2019-01-18 21:50:37 -Mapped "{[/common/job/update],methods=[POST]}" onto public com.bootdo.common.utils.R com.bootdo.common.controller.JobController.update(com.bootdo.common.domain.TaskDO)
2019-01-18 21:50:37 -Mapped "{[/common/job/list],methods=[GET]}" onto public com.bootdo.common.utils.PageUtils com.bootdo.common.controller.JobController.list(java.util.Map<java.lang.String, java.lang.Object>)
2019-01-18 21:50:37 -Mapped "{[/common/job/save],methods=[POST]}" onto public com.bootdo.common.utils.R com.bootdo.common.controller.JobController.save(com.bootdo.common.domain.TaskDO)
2019-01-18 21:50:37 -Mapped "{[/common/job/info/{id}]}" onto public com.bootdo.common.utils.R com.bootdo.common.controller.JobController.info(java.lang.Long)
2019-01-18 21:50:37 -Mapped "{[/common/job/edit/{id}],methods=[GET]}" onto java.lang.String com.bootdo.common.controller.JobController.edit(java.lang.Long,org.springframework.ui.Model)
2019-01-18 21:50:37 -Mapped "{[/common/job/changeJobStatus],methods=[POST]}" onto public com.bootdo.common.utils.R com.bootdo.common.controller.JobController.changeJobStatus(java.lang.Long,java.lang.String)
2019-01-18 21:50:37 -Mapped "{[/common/job],methods=[GET]}" onto java.lang.String com.bootdo.common.controller.JobController.taskScheduleJob()
2019-01-18 21:50:37 -Mapped "{[/common/log/remove],methods=[POST]}" onto com.bootdo.common.utils.R com.bootdo.common.controller.LogController.remove(java.lang.Long)
2019-01-18 21:50:37 -Mapped "{[/common/log],methods=[GET]}" onto java.lang.String com.bootdo.common.controller.LogController.log()
2019-01-18 21:50:37 -Mapped "{[/common/log/list],methods=[GET]}" onto com.bootdo.common.domain.PageDO<com.bootdo.common.domain.LogDO> com.bootdo.common.controller.LogController.list(java.util.Map<java.lang.String, java.lang.Object>)
2019-01-18 21:50:37 -Mapped "{[/common/log/batchRemove],methods=[POST]}" onto com.bootdo.common.utils.R com.bootdo.common.controller.LogController.batchRemove(java.lang.Long[])
2019-01-18 21:50:37 -Mapped "{[/error]}" onto public com.bootdo.common.utils.R com.bootdo.common.exception.MainsiteErrorController.handleError(javax.servlet.http.HttpServletRequest,javax.servlet.http.HttpServletResponse)
2019-01-18 21:50:37 -Mapped "{[/error],produces=[text/html]}" onto public org.springframework.web.servlet.ModelAndView com.bootdo.common.exception.MainsiteErrorController.errorHtml(javax.servlet.http.HttpServletRequest,javax.servlet.http.HttpServletResponse)
2019-01-18 21:50:37 -Mapped "{[/oa/notify/add],methods=[GET]}" onto java.lang.String com.bootdo.oa.controller.NotifyController.add()
2019-01-18 21:50:37 -Mapped "{[/oa/notify/remove],methods=[POST]}" onto public com.bootdo.common.utils.R com.bootdo.oa.controller.NotifyController.remove(java.lang.Long)
2019-01-18 21:50:37 -Mapped "{[/oa/notify/batchRemove],methods=[POST]}" onto public com.bootdo.common.utils.R com.bootdo.oa.controller.NotifyController.remove(java.lang.Long[])
2019-01-18 21:50:37 -Mapped "{[/oa/notify/update]}" onto public com.bootdo.common.utils.R com.bootdo.oa.controller.NotifyController.update(com.bootdo.oa.domain.NotifyDO)
2019-01-18 21:50:37 -Mapped "{[/oa/notify/read/{id}],methods=[GET]}" onto java.lang.String com.bootdo.oa.controller.NotifyController.read(java.lang.Long,org.springframework.ui.Model)
2019-01-18 21:50:37 -Mapped "{[/oa/notify/list],methods=[GET]}" onto public com.bootdo.common.utils.PageUtils com.bootdo.oa.controller.NotifyController.list(java.util.Map<java.lang.String, java.lang.Object>)
2019-01-18 21:50:37 -Mapped "{[/oa/notify/save],methods=[POST]}" onto public com.bootdo.common.utils.R com.bootdo.oa.controller.NotifyController.save(com.bootdo.oa.domain.NotifyDO)
2019-01-18 21:50:37 -Mapped "{[/oa/notify/message],methods=[GET]}" onto com.bootdo.common.utils.PageUtils com.bootdo.oa.controller.NotifyController.message()
2019-01-18 21:50:37 -Mapped "{[/oa/notify/selfList],methods=[GET]}" onto com.bootdo.common.utils.PageUtils com.bootdo.oa.controller.NotifyController.selfList(java.util.Map<java.lang.String, java.lang.Object>)
2019-01-18 21:50:37 -Mapped "{[/oa/notify/edit/{id}],methods=[GET]}" onto java.lang.String com.bootdo.oa.controller.NotifyController.edit(java.lang.Long,org.springframework.ui.Model)
2019-01-18 21:50:37 -Mapped "{[/oa/notify],methods=[GET]}" onto java.lang.String com.bootdo.oa.controller.NotifyController.oaNotify()
2019-01-18 21:50:37 -Mapped "{[/oa/notify/selfNotify],methods=[GET]}" onto java.lang.String com.bootdo.oa.controller.NotifyController.selefNotify()
2019-01-18 21:50:37 -Mapped "{[/system/sysDept/add/{pId}],methods=[GET]}" onto java.lang.String com.bootdo.system.controller.DeptController.add(java.lang.Long,org.springframework.ui.Model)
2019-01-18 21:50:37 -Mapped "{[/system/sysDept/remove],methods=[POST]}" onto public com.bootdo.common.utils.R com.bootdo.system.controller.DeptController.remove(java.lang.Long)
2019-01-18 21:50:37 -Mapped "{[/system/sysDept/batchRemove],methods=[POST]}" onto public com.bootdo.common.utils.R com.bootdo.system.controller.DeptController.remove(java.lang.Long[])
2019-01-18 21:50:37 -Mapped "{[/system/sysDept/update]}" onto public com.bootdo.common.utils.R com.bootdo.system.controller.DeptController.update(com.bootdo.system.domain.DeptDO)
2019-01-18 21:50:37 -Mapped "{[/system/sysDept/list],methods=[GET]}" onto public java.util.List<com.bootdo.system.domain.DeptDO> com.bootdo.system.controller.DeptController.list()
2019-01-18 21:50:37 -Mapped "{[/system/sysDept/save],methods=[POST]}" onto public com.bootdo.common.utils.R com.bootdo.system.controller.DeptController.save(com.bootdo.system.domain.DeptDO)
2019-01-18 21:50:37 -Mapped "{[/system/sysDept/tree],methods=[GET]}" onto public com.bootdo.common.domain.Tree<com.bootdo.system.domain.DeptDO> com.bootdo.system.controller.DeptController.tree()
2019-01-18 21:50:37 -Mapped "{[/system/sysDept/edit/{deptId}],methods=[GET]}" onto java.lang.String com.bootdo.system.controller.DeptController.edit(java.lang.Long,org.springframework.ui.Model)
2019-01-18 21:50:37 -Mapped "{[/system/sysDept],methods=[GET]}" onto java.lang.String com.bootdo.system.controller.DeptController.dept()
2019-01-18 21:50:37 -Mapped "{[/system/sysDept/treeView],methods=[GET]}" onto java.lang.String com.bootdo.system.controller.DeptController.treeView()
2019-01-18 21:50:37 -Mapped "{[/index],methods=[GET]}" onto java.lang.String com.bootdo.system.controller.LoginController.index(org.springframework.ui.Model)
2019-01-18 21:50:37 -Mapped "{[/main],methods=[GET]}" onto java.lang.String com.bootdo.system.controller.LoginController.main()
2019-01-18 21:50:37 -Mapped "{[/login],methods=[GET]}" onto java.lang.String com.bootdo.system.controller.LoginController.login()
2019-01-18 21:50:37 -Mapped "{[/logout],methods=[GET]}" onto java.lang.String com.bootdo.system.controller.LoginController.logout()
2019-01-18 21:50:37 -Mapped "{[/ || ],methods=[GET]}" onto java.lang.String com.bootdo.system.controller.LoginController.welcome(org.springframework.ui.Model)
2019-01-18 21:50:37 -Mapped "{[/login],methods=[POST]}" onto com.bootdo.common.utils.R com.bootdo.system.controller.LoginController.ajaxLogin(java.lang.String,java.lang.String)
2019-01-18 21:50:37 -Mapped "{[/sys/menu/add/{pId}],methods=[GET]}" onto java.lang.String com.bootdo.system.controller.MenuController.add(org.springframework.ui.Model,java.lang.Long)
2019-01-18 21:50:37 -Mapped "{[/sys/menu/remove],methods=[POST]}" onto com.bootdo.common.utils.R com.bootdo.system.controller.MenuController.remove(java.lang.Long)
2019-01-18 21:50:37 -Mapped "{[/sys/menu/update],methods=[POST]}" onto com.bootdo.common.utils.R com.bootdo.system.controller.MenuController.update(com.bootdo.system.domain.MenuDO)
2019-01-18 21:50:37 -Mapped "{[/sys/menu/list]}" onto java.util.List<com.bootdo.system.domain.MenuDO> com.bootdo.system.controller.MenuController.list(java.util.Map<java.lang.String, java.lang.Object>)
2019-01-18 21:50:37 -Mapped "{[/sys/menu/save],methods=[POST]}" onto com.bootdo.common.utils.R com.bootdo.system.controller.MenuController.save(com.bootdo.system.domain.MenuDO)
2019-01-18 21:50:37 -Mapped "{[/sys/menu/tree/{roleId}],methods=[GET]}" onto com.bootdo.common.domain.Tree<com.bootdo.system.domain.MenuDO> com.bootdo.system.controller.MenuController.tree(java.lang.Long)
2019-01-18 21:50:37 -Mapped "{[/sys/menu/tree],methods=[GET]}" onto com.bootdo.common.domain.Tree<com.bootdo.system.domain.MenuDO> com.bootdo.system.controller.MenuController.tree()
2019-01-18 21:50:37 -Mapped "{[/sys/menu/edit/{id}],methods=[GET]}" onto java.lang.String com.bootdo.system.controller.MenuController.edit(org.springframework.ui.Model,java.lang.Long)
2019-01-18 21:50:37 -Mapped "{[/sys/menu],methods=[GET]}" onto java.lang.String com.bootdo.system.controller.MenuController.menu(org.springframework.ui.Model)
2019-01-18 21:50:37 -Mapped "{[/sys/role/add],methods=[GET]}" onto java.lang.String com.bootdo.system.controller.RoleController.add()
2019-01-18 21:50:37 -Mapped "{[/sys/role/update],methods=[POST]}" onto com.bootdo.common.utils.R com.bootdo.system.controller.RoleController.update(com.bootdo.system.domain.RoleDO)
2019-01-18 21:50:37 -Mapped "{[/sys/role/list],methods=[GET]}" onto java.util.List<com.bootdo.system.domain.RoleDO> com.bootdo.system.controller.RoleController.list()
2019-01-18 21:50:37 -Mapped "{[/sys/role/remove],methods=[POST]}" onto com.bootdo.common.utils.R com.bootdo.system.controller.RoleController.save(java.lang.Long)
2019-01-18 21:50:37 -Mapped "{[/sys/role/save],methods=[POST]}" onto com.bootdo.common.utils.R com.bootdo.system.controller.RoleController.save(com.bootdo.system.domain.RoleDO)
2019-01-18 21:50:37 -Mapped "{[/sys/role/batchRemove],methods=[POST]}" onto com.bootdo.common.utils.R com.bootdo.system.controller.RoleController.batchRemove(java.lang.Long[])
2019-01-18 21:50:37 -Mapped "{[/sys/role],methods=[GET]}" onto java.lang.String com.bootdo.system.controller.RoleController.role()
2019-01-18 21:50:37 -Mapped "{[/sys/role/edit/{id}],methods=[GET]}" onto java.lang.String com.bootdo.system.controller.RoleController.edit(java.lang.Long,org.springframework.ui.Model)
2019-01-18 21:50:37 -Mapped "{[/sys/online/list]}" onto public java.util.List<com.bootdo.system.domain.UserOnline> com.bootdo.system.controller.SessionController.list()
2019-01-18 21:50:37 -Mapped "{[/sys/online/sessionList]}" onto public java.util.Collection<org.apache.shiro.session.Session> com.bootdo.system.controller.SessionController.sessionList()
2019-01-18 21:50:37 -Mapped "{[/sys/online],methods=[GET]}" onto public java.lang.String com.bootdo.system.controller.SessionController.online()
2019-01-18 21:50:37 -Mapped "{[/sys/online/forceLogout/{sessionId}]}" onto public com.bootdo.common.utils.R com.bootdo.system.controller.SessionController.forceLogout(java.lang.String,org.springframework.web.servlet.mvc.support.RedirectAttributes)
2019-01-18 21:50:37 -Mapped "{[/sys/user/exit],methods=[POST]}" onto boolean com.bootdo.system.controller.UserController.exit(java.util.Map<java.lang.String, java.lang.Object>)
2019-01-18 21:50:37 -Mapped "{[/sys/user/add],methods=[GET]}" onto java.lang.String com.bootdo.system.controller.UserController.add(org.springframework.ui.Model)
2019-01-18 21:50:37 -Mapped "{[/sys/user/remove],methods=[POST]}" onto com.bootdo.common.utils.R com.bootdo.system.controller.UserController.remove(java.lang.Long)
2019-01-18 21:50:37 -Mapped "{[/sys/user/update],methods=[POST]}" onto com.bootdo.common.utils.R com.bootdo.system.controller.UserController.update(com.bootdo.system.domain.UserDO)
2019-01-18 21:50:37 -Mapped "{[/sys/user/list],methods=[GET]}" onto com.bootdo.common.utils.PageUtils com.bootdo.system.controller.UserController.list(java.util.Map<java.lang.String, java.lang.Object>)
2019-01-18 21:50:37 -Mapped "{[/sys/user/save],methods=[POST]}" onto com.bootdo.common.utils.R com.bootdo.system.controller.UserController.save(com.bootdo.system.domain.UserDO)
2019-01-18 21:50:37 -Mapped "{[/sys/user/batchRemove],methods=[POST]}" onto com.bootdo.common.utils.R com.bootdo.system.controller.UserController.batchRemove(java.lang.Long[])
2019-01-18 21:50:37 -Mapped "{[/sys/user/tree],methods=[GET]}" onto public com.bootdo.common.domain.Tree<com.bootdo.system.domain.DeptDO> com.bootdo.system.controller.UserController.tree()
2019-01-18 21:50:37 -Mapped "{[/sys/user/edit/{id}],methods=[GET]}" onto java.lang.String com.bootdo.system.controller.UserController.edit(org.springframework.ui.Model,java.lang.Long)
2019-01-18 21:50:37 -Mapped "{[/sys/user],methods=[GET]}" onto java.lang.String com.bootdo.system.controller.UserController.user(org.springframework.ui.Model)
2019-01-18 21:50:37 -Mapped "{[/sys/user/treeView],methods=[GET]}" onto java.lang.String com.bootdo.system.controller.UserController.treeView()
2019-01-18 21:50:37 -Mapped "{[/sys/user/updatePeronal],methods=[POST]}" onto com.bootdo.common.utils.R com.bootdo.system.controller.UserController.updatePeronal(com.bootdo.system.domain.UserDO)
2019-01-18 21:50:37 -Mapped "{[/sys/user/resetPwd],methods=[POST]}" onto com.bootdo.common.utils.R com.bootdo.system.controller.UserController.resetPwd(com.bootdo.system.vo.UserVO)
2019-01-18 21:50:37 -Mapped "{[/sys/user/resetPwd/{id}],methods=[GET]}" onto java.lang.String com.bootdo.system.controller.UserController.resetPwd(java.lang.Long,org.springframework.ui.Model)
2019-01-18 21:50:37 -Mapped "{[/sys/user/adminResetPwd],methods=[POST]}" onto com.bootdo.common.utils.R com.bootdo.system.controller.UserController.adminResetPwd(com.bootdo.system.vo.UserVO)
2019-01-18 21:50:37 -Mapped "{[/sys/user/personal],methods=[GET]}" onto java.lang.String com.bootdo.system.controller.UserController.personal(org.springframework.ui.Model)
2019-01-18 21:50:37 -Mapped "{[/sys/user/uploadImg],methods=[POST]}" onto com.bootdo.common.utils.R com.bootdo.system.controller.UserController.uploadImg(org.springframework.web.multipart.MultipartFile,java.lang.String,javax.servlet.http.HttpServletRequest)
2019-01-18 21:50:37 -Mapped "{[/wechat/designUser/add],methods=[GET]}" onto java.lang.String com.bootdo.wechat.controller.DesignUserController.add()
2019-01-18 21:50:37 -Mapped "{[/wechat/designUser/remove],methods=[POST]}" onto public com.bootdo.common.utils.R com.bootdo.wechat.controller.DesignUserController.remove(java.lang.Long)
2019-01-18 21:50:37 -Mapped "{[/wechat/designUser/batchRemove],methods=[POST]}" onto public com.bootdo.common.utils.R com.bootdo.wechat.controller.DesignUserController.remove(java.lang.Long[])
2019-01-18 21:50:37 -Mapped "{[/wechat/designUser/update]}" onto public com.bootdo.common.utils.R com.bootdo.wechat.controller.DesignUserController.update(com.bootdo.wechat.domain.DesignUserDO)
2019-01-18 21:50:37 -Mapped "{[/wechat/designUser/list],methods=[GET]}" onto public com.bootdo.common.utils.PageUtils com.bootdo.wechat.controller.DesignUserController.list(java.util.Map<java.lang.String, java.lang.Object>)
2019-01-18 21:50:37 -Mapped "{[/wechat/designUser/save],methods=[POST]}" onto public com.bootdo.common.utils.R com.bootdo.wechat.controller.DesignUserController.save(com.bootdo.wechat.domain.DesignUserDO)
2019-01-18 21:50:37 -Mapped "{[/wechat/designUser/edit/{userId}],methods=[GET]}" onto java.lang.String com.bootdo.wechat.controller.DesignUserController.edit(java.lang.Long,org.springframework.ui.Model)
2019-01-18 21:50:37 -Mapped "{[/wechat/designUser],methods=[GET]}" onto java.lang.String com.bootdo.wechat.controller.DesignUserController.DesignUser()
2019-01-18 21:50:37 -Mapped "{[/wechat/respMsg/add],methods=[GET]}" onto java.lang.String com.bootdo.wechat.controller.RespMsgController.add()
2019-01-18 21:50:37 -Mapped "{[/wechat/respMsg/remove],methods=[POST]}" onto public com.bootdo.common.utils.R com.bootdo.wechat.controller.RespMsgController.remove(java.lang.Integer)
2019-01-18 21:50:37 -Mapped "{[/wechat/respMsg/batchRemove],methods=[POST]}" onto public com.bootdo.common.utils.R com.bootdo.wechat.controller.RespMsgController.remove(java.lang.Integer[])
2019-01-18 21:50:37 -Mapped "{[/wechat/respMsg/update]}" onto public com.bootdo.common.utils.R com.bootdo.wechat.controller.RespMsgController.update(com.bootdo.wechat.domain.RespMsgDO)
2019-01-18 21:50:37 -Mapped "{[/wechat/respMsg/list],methods=[GET]}" onto public com.bootdo.common.utils.PageUtils com.bootdo.wechat.controller.RespMsgController.list(java.util.Map<java.lang.String, java.lang.Object>)
2019-01-18 21:50:37 -Mapped "{[/wechat/respMsg/save],methods=[POST]}" onto public com.bootdo.common.utils.R com.bootdo.wechat.controller.RespMsgController.save(com.bootdo.wechat.domain.RespMsgDO)
2019-01-18 21:50:37 -Mapped "{[/wechat/respMsg/edit/{msgId}],methods=[GET]}" onto java.lang.String com.bootdo.wechat.controller.RespMsgController.edit(java.lang.Integer,org.springframework.ui.Model)
2019-01-18 21:50:37 -Mapped "{[/wechat/respMsg],methods=[GET]}" onto java.lang.String com.bootdo.wechat.controller.RespMsgController.RespMsg()
2019-01-18 21:50:37 -Mapped "{[/wechat/space/add],methods=[GET]}" onto java.lang.String com.bootdo.wechat.controller.SpaceController.add()
2019-01-18 21:50:37 -Mapped "{[/wechat/space/remove],methods=[POST]}" onto public com.bootdo.common.utils.R com.bootdo.wechat.controller.SpaceController.remove(java.lang.Integer)
2019-01-18 21:50:37 -Mapped "{[/wechat/space/batchRemove],methods=[POST]}" onto public com.bootdo.common.utils.R com.bootdo.wechat.controller.SpaceController.remove(java.lang.Integer[])
2019-01-18 21:50:37 -Mapped "{[/wechat/space/update]}" onto public com.bootdo.common.utils.R com.bootdo.wechat.controller.SpaceController.update(com.bootdo.wechat.domain.SpaceDO)
2019-01-18 21:50:37 -Mapped "{[/wechat/space/list],methods=[GET]}" onto public com.bootdo.common.utils.PageUtils com.bootdo.wechat.controller.SpaceController.list(java.util.Map<java.lang.String, java.lang.Object>)
2019-01-18 21:50:37 -Mapped "{[/wechat/space/save],methods=[POST]}" onto public com.bootdo.common.utils.R com.bootdo.wechat.controller.SpaceController.save(com.bootdo.wechat.domain.SpaceDO)
2019-01-18 21:50:37 -Mapped "{[/wechat/space/edit/{id}],methods=[GET]}" onto java.lang.String com.bootdo.wechat.controller.SpaceController.edit(java.lang.Integer,org.springframework.ui.Model)
2019-01-18 21:50:37 -Mapped "{[/wechat/space],methods=[GET]}" onto java.lang.String com.bootdo.wechat.controller.SpaceController.Space()
2019-01-18 21:50:37 -Mapped "{[/wechat/students/add],methods=[GET]}" onto java.lang.String com.bootdo.wechat.controller.StudentsController.add()
2019-01-18 21:50:37 -Mapped "{[/wechat/students/remove],methods=[POST]}" onto public com.bootdo.common.utils.R com.bootdo.wechat.controller.StudentsController.remove(java.lang.Integer)
2019-01-18 21:50:37 -Mapped "{[/wechat/students/batchRemove],methods=[POST]}" onto public com.bootdo.common.utils.R com.bootdo.wechat.controller.StudentsController.remove(java.lang.Integer[])
2019-01-18 21:50:37 -Mapped "{[/wechat/students/update]}" onto public com.bootdo.common.utils.R com.bootdo.wechat.controller.StudentsController.update(com.bootdo.wechat.domain.StudentsDO)
2019-01-18 21:50:37 -Mapped "{[/wechat/students/list],methods=[GET]}" onto public com.bootdo.common.utils.PageUtils com.bootdo.wechat.controller.StudentsController.list(java.util.Map<java.lang.String, java.lang.Object>)
2019-01-18 21:50:37 -Mapped "{[/wechat/students/save],methods=[POST]}" onto public com.bootdo.common.utils.R com.bootdo.wechat.controller.StudentsController.save(com.bootdo.wechat.domain.StudentsDO)
2019-01-18 21:50:37 -Mapped "{[/wechat/students/edit/{id}],methods=[GET]}" onto java.lang.String com.bootdo.wechat.controller.StudentsController.edit(java.lang.Integer,org.springframework.ui.Model)
2019-01-18 21:50:37 -Mapped "{[/wechat/students],methods=[GET]}" onto java.lang.String com.bootdo.wechat.controller.StudentsController.Students()
2019-01-18 21:50:37 -Mapped "{[/wechat/menu/add/{pId}],methods=[GET]}" onto java.lang.String com.bootdo.wechat.controller.WechatMenuController.add(org.springframework.ui.Model,java.lang.Long)
2019-01-18 21:50:37 -Mapped "{[/wechat/menu/remove],methods=[POST]}" onto com.bootdo.common.utils.R com.bootdo.wechat.controller.WechatMenuController.remove(java.lang.Long)
2019-01-18 21:50:37 -Mapped "{[/wechat/menu/update],methods=[POST]}" onto com.bootdo.common.utils.R com.bootdo.wechat.controller.WechatMenuController.update(com.bootdo.wechat.domain.WechatMenuDO)
2019-01-18 21:50:37 -Mapped "{[/wechat/menu/list]}" onto java.util.List<com.bootdo.wechat.domain.WechatMenuDO> com.bootdo.wechat.controller.WechatMenuController.list(java.util.Map<java.lang.String, java.lang.Object>)
2019-01-18 21:50:37 -Mapped "{[/wechat/menu/save],methods=[POST]}" onto com.bootdo.common.utils.R com.bootdo.wechat.controller.WechatMenuController.save(com.bootdo.wechat.domain.WechatMenuDO)
2019-01-18 21:50:37 -Mapped "{[/wechat/menu/tree/{roleId}],methods=[GET]}" onto com.bootdo.common.domain.Tree<com.bootdo.wechat.domain.WechatMenuDO> com.bootdo.wechat.controller.WechatMenuController.tree(java.lang.Long)
2019-01-18 21:50:37 -Mapped "{[/wechat/menu/tree],methods=[GET]}" onto com.bootdo.common.domain.Tree<com.bootdo.wechat.domain.WechatMenuDO> com.bootdo.wechat.controller.WechatMenuController.tree()
2019-01-18 21:50:37 -Mapped "{[/wechat/menu/edit/{id}],methods=[GET]}" onto java.lang.String com.bootdo.wechat.controller.WechatMenuController.edit(org.springframework.ui.Model,java.lang.Long)
2019-01-18 21:50:37 -Mapped "{[/wechat/menu],methods=[GET]}" onto java.lang.String com.bootdo.wechat.controller.WechatMenuController.menu(org.springframework.ui.Model)
2019-01-18 21:50:37 -Mapped "{[/v2/api-docs],methods=[GET],produces=[application/json || application/hal+json]}" onto public org.springframework.http.ResponseEntity<springfox.documentation.spring.web.json.Json> springfox.documentation.swagger2.web.Swagger2Controller.getDocumentation(java.lang.String,javax.servlet.http.HttpServletRequest)
2019-01-18 21:50:37 -Mapped "{[/swagger-resources/configuration/security]}" onto org.springframework.http.ResponseEntity<springfox.documentation.swagger.web.SecurityConfiguration> springfox.documentation.swagger.web.ApiResourceController.securityConfiguration()
2019-01-18 21:50:37 -Mapped "{[/swagger-resources/configuration/ui]}" onto org.springframework.http.ResponseEntity<springfox.documentation.swagger.web.UiConfiguration> springfox.documentation.swagger.web.ApiResourceController.uiConfiguration()
2019-01-18 21:50:37 -Mapped "{[/swagger-resources]}" onto org.springframework.http.ResponseEntity<java.util.List<springfox.documentation.swagger.web.SwaggerResource>> springfox.documentation.swagger.web.ApiResourceController.swaggerResources()
2019-01-18 21:50:38 -Initializing ExecutorService  'messageBrokerTaskScheduler'
2019-01-18 21:50:38 -Mapped URL path [/endpointChat/**] onto handler of type [class org.springframework.web.socket.sockjs.support.SockJsHttpRequestHandler]
2019-01-18 21:50:38 -Initializing ExecutorService  'brokerChannelExecutor'
2019-01-18 21:50:39 -Looking for @ControllerAdvice: org.springframework.boot.context.embedded.AnnotationConfigEmbeddedWebApplicationContext@6e0f5f7f: startup date [Fri Jan 18 21:50:03 CST 2019]; root of context hierarchy
2019-01-18 21:50:39 -Mapped URL path [/files/**] onto handler of type [class org.springframework.web.servlet.resource.ResourceHttpRequestHandler]
2019-01-18 21:50:39 -Mapped URL path [/webjars/**] onto handler of type [class org.springframework.web.servlet.resource.ResourceHttpRequestHandler]
2019-01-18 21:50:39 -Mapped URL path [/**] onto handler of type [class org.springframework.web.servlet.resource.ResourceHttpRequestHandler]
2019-01-18 21:50:40 -Detected @ExceptionHandler methods in BDExceptionHandler
2019-01-18 21:50:40 -Mapped URL path [/**/favicon.ico] onto handler of type [class org.springframework.web.servlet.resource.ResourceHttpRequestHandler]
2019-01-18 21:50:43 -

Using default security password: 67861d3f-ac04-4c92-8522-bd6cea5d7a6e

2019-01-18 21:50:43 -Creating filter chain: OrRequestMatcher [requestMatchers=[Ant [pattern='/css/**'], Ant [pattern='/js/**'], Ant [pattern='/images/**'], Ant [pattern='/webjars/**'], Ant [pattern='/**/favicon.ico'], Ant [pattern='/error']]], []
2019-01-18 21:50:43 -Creating filter chain: org.springframework.boot.autoconfigure.security.SpringBootWebSecurityConfiguration$ApplicationNoWebSecurityConfigurerAdapter$1@3794b7b1, [org.springframework.security.web.context.request.async.WebAsyncManagerIntegrationFilter@3225d950, org.springframework.security.web.context.SecurityContextPersistenceFilter@1ea19c97, org.springframework.security.web.header.HeaderWriterFilter@64908ab9, org.springframework.security.web.csrf.CsrfFilter@478fe415, org.springframework.security.web.authentication.logout.LogoutFilter@65698020, org.springframework.security.web.savedrequest.RequestCacheAwareFilter@52dd1be2, org.springframework.security.web.servletapi.SecurityContextHolderAwareRequestFilter@46d51d5e, org.springframework.security.web.authentication.AnonymousAuthenticationFilter@1be427b4, org.springframework.security.web.session.SessionManagementFilter@7d563c13, org.springframework.security.web.access.ExceptionTranslationFilter@45375bdf]
2019-01-18 21:50:44 -Registering beans for JMX exposure on startup
2019-01-18 21:50:44 -Bean with name 'dataSource' has been autodetected for JMX exposure
2019-01-18 21:50:44 -Located MBean 'dataSource': registering with JMX server as MBean [com.alibaba.druid.pool:name=dataSource,type=DruidDataSource]
2019-01-18 21:50:44 -Starting beans in phase 2147483647
2019-01-18 21:50:44 -Context refreshed
2019-01-18 21:50:44 -Found 1 custom documentation plugin(s)
2019-01-18 21:50:44 -Scanning for api listing references
2019-01-18 21:50:45 -Generating unique operation named: removeUsingPOST_1
2019-01-18 21:50:45 -Generating unique operation named: addUsingGET_1
2019-01-18 21:50:45 -Generating unique operation named: editUsingGET_1
2019-01-18 21:50:45 -Generating unique operation named: listUsingGET_1
2019-01-18 21:50:45 -Generating unique operation named: removeUsingPOST_2
2019-01-18 21:50:45 -Generating unique operation named: removeUsingPOST_3
2019-01-18 21:50:45 -Generating unique operation named: saveUsingPOST_1
2019-01-18 21:50:45 -Generating unique operation named: updateUsingGET_1
2019-01-18 21:50:45 -Generating unique operation named: updateUsingHEAD_1
2019-01-18 21:50:45 -Generating unique operation named: updateUsingPOST_1
2019-01-18 21:50:45 -Generating unique operation named: updateUsingPUT_1
2019-01-18 21:50:45 -Generating unique operation named: updateUsingPATCH_1
2019-01-18 21:50:45 -Generating unique operation named: updateUsingDELETE_1
2019-01-18 21:50:45 -Generating unique operation named: updateUsingOPTIONS_1
2019-01-18 21:50:45 -Generating unique operation named: updateUsingTRACE_1
2019-01-18 21:50:45 -Generating unique operation named: addUsingGET_2
2019-01-18 21:50:45 -Generating unique operation named: editUsingGET_2
2019-01-18 21:50:45 -Generating unique operation named: listUsingGET_2
2019-01-18 21:50:45 -Generating unique operation named: removeUsingPOST_4
2019-01-18 21:50:45 -Generating unique operation named: removeUsingPOST_5
2019-01-18 21:50:45 -Generating unique operation named: saveUsingPOST_2
2019-01-18 21:50:45 -Generating unique operation named: updateUsingGET_2
2019-01-18 21:50:46 -Generating unique operation named: updateUsingHEAD_2
2019-01-18 21:50:46 -Generating unique operation named: updateUsingPOST_2
2019-01-18 21:50:46 -Generating unique operation named: updateUsingPUT_2
2019-01-18 21:50:46 -Generating unique operation named: updateUsingPATCH_2
2019-01-18 21:50:46 -Generating unique operation named: updateUsingDELETE_2
2019-01-18 21:50:46 -Generating unique operation named: updateUsingOPTIONS_2
2019-01-18 21:50:46 -Generating unique operation named: updateUsingTRACE_2
2019-01-18 21:50:46 -Generating unique operation named: addUsingGET_3
2019-01-18 21:50:46 -Generating unique operation named: editUsingGET_3
2019-01-18 21:50:46 -Generating unique operation named: listUsingGET_3
2019-01-18 21:50:46 -Generating unique operation named: removeUsingPOST_6
2019-01-18 21:50:46 -Generating unique operation named: removeUsingPOST_7
2019-01-18 21:50:46 -Generating unique operation named: saveUsingPOST_3
2019-01-18 21:50:46 -Generating unique operation named: updateUsingGET_3
2019-01-18 21:50:46 -Generating unique operation named: updateUsingHEAD_3
2019-01-18 21:50:46 -Generating unique operation named: updateUsingPOST_3
2019-01-18 21:50:46 -Generating unique operation named: updateUsingPUT_3
2019-01-18 21:50:46 -Generating unique operation named: updateUsingPATCH_3
2019-01-18 21:50:46 -Generating unique operation named: updateUsingDELETE_3
2019-01-18 21:50:46 -Generating unique operation named: updateUsingOPTIONS_3
2019-01-18 21:50:46 -Generating unique operation named: updateUsingTRACE_3
2019-01-18 21:50:46 -Generating unique operation named: addUsingGET_4
2019-01-18 21:50:46 -Generating unique operation named: editUsingGET_4
2019-01-18 21:50:46 -Generating unique operation named: listUsingGET_4
2019-01-18 21:50:46 -Generating unique operation named: removeUsingPOST_8
2019-01-18 21:50:46 -Generating unique operation named: removeUsingPOST_9
2019-01-18 21:50:46 -Generating unique operation named: saveUsingPOST_4
2019-01-18 21:50:46 -Generating unique operation named: updateUsingGET_4
2019-01-18 21:50:46 -Generating unique operation named: updateUsingHEAD_4
2019-01-18 21:50:46 -Generating unique operation named: updateUsingPOST_4
2019-01-18 21:50:46 -Generating unique operation named: updateUsingPUT_4
2019-01-18 21:50:46 -Generating unique operation named: updateUsingPATCH_4
2019-01-18 21:50:46 -Generating unique operation named: updateUsingDELETE_4
2019-01-18 21:50:46 -Generating unique operation named: updateUsingOPTIONS_4
2019-01-18 21:50:46 -Generating unique operation named: updateUsingTRACE_4
2019-01-18 21:50:46 -Generating unique operation named: editUsingGET_5
2019-01-18 21:50:46 -Generating unique operation named: listUsingGET_5
2019-01-18 21:50:46 -Generating unique operation named: updateUsingPOST_5
2019-01-18 21:50:46 -Generating unique operation named: addUsingGET_5
2019-01-18 21:50:46 -Generating unique operation named: editUsingGET_6
2019-01-18 21:50:46 -Generating unique operation named: infoUsingGET_1
2019-01-18 21:50:46 -Generating unique operation named: infoUsingHEAD_1
2019-01-18 21:50:46 -Generating unique operation named: infoUsingPOST_1
2019-01-18 21:50:46 -Generating unique operation named: infoUsingPUT_1
2019-01-18 21:50:46 -Generating unique operation named: infoUsingPATCH_1
2019-01-18 21:50:46 -Generating unique operation named: infoUsingDELETE_1
2019-01-18 21:50:46 -Generating unique operation named: infoUsingOPTIONS_1
2019-01-18 21:50:46 -Generating unique operation named: infoUsingTRACE_1
2019-01-18 21:50:47 -Generating unique operation named: listUsingGET_6
2019-01-18 21:50:47 -Generating unique operation named: removeUsingPOST_10
2019-01-18 21:50:47 -Generating unique operation named: removeUsingPOST_11
2019-01-18 21:50:47 -Generating unique operation named: saveUsingPOST_5
2019-01-18 21:50:47 -Generating unique operation named: updateUsingPOST_6
2019-01-18 21:50:47 -Generating unique operation named: listUsingGET_7
2019-01-18 21:50:47 -Generating unique operation named: removeUsingPOST_12
2019-01-18 21:50:47 -Generating unique operation named: welcomeUsingGET_1
2019-01-18 21:50:47 -Generating unique operation named: addUsingGET_6
2019-01-18 21:50:47 -Generating unique operation named: editUsingGET_7
2019-01-18 21:50:47 -Generating unique operation named: listUsingGET_8
2019-01-18 21:50:47 -Generating unique operation named: removeUsingPOST_13
2019-01-18 21:50:47 -Generating unique operation named: saveUsingPOST_6
2019-01-18 21:50:47 -Generating unique operation named: treeUsingGET_1
2019-01-18 21:50:47 -Generating unique operation named: treeUsingGET_2
2019-01-18 21:50:47 -Generating unique operation named: updateUsingPOST_7
2019-01-18 21:50:47 -Generating unique operation named: batchRemoveUsingPOST_1
2019-01-18 21:50:47 -Generating unique operation named: editUsingGET_8
2019-01-18 21:50:47 -Generating unique operation named: listUsingGET_9
2019-01-18 21:50:48 -Generating unique operation named: addUsingGET_7
2019-01-18 21:50:48 -Generating unique operation named: editUsingGET_9
2019-01-18 21:50:48 -Generating unique operation named: listUsingGET_10
2019-01-18 21:50:48 -Generating unique operation named: removeUsingPOST_14
2019-01-18 21:50:48 -Generating unique operation named: removeUsingPOST_15
2019-01-18 21:50:48 -Generating unique operation named: saveUsingPOST_7
2019-01-18 21:50:48 -Generating unique operation named: updateUsingGET_5
2019-01-18 21:50:48 -Generating unique operation named: updateUsingHEAD_5
2019-01-18 21:50:48 -Generating unique operation named: updateUsingPOST_8
2019-01-18 21:50:48 -Generating unique operation named: updateUsingPUT_5
2019-01-18 21:50:48 -Generating unique operation named: updateUsingPATCH_5
2019-01-18 21:50:48 -Generating unique operation named: updateUsingDELETE_5
2019-01-18 21:50:48 -Generating unique operation named: updateUsingOPTIONS_5
2019-01-18 21:50:48 -Generating unique operation named: updateUsingTRACE_5
2019-01-18 21:50:48 -Generating unique operation named: addUsingGET_8
2019-01-18 21:50:48 -Generating unique operation named: batchRemoveUsingPOST_2
2019-01-18 21:50:48 -Generating unique operation named: deployUsingPOST_1
2019-01-18 21:50:48 -Generating unique operation named: listUsingGET_11
2019-01-18 21:50:48 -Generating unique operation named: removeUsingPOST_16
2019-01-18 21:50:48 -Generating unique operation named: addUsingGET_9
2019-01-18 21:50:48 -Generating unique operation named: editUsingGET_10
2019-01-18 21:50:48 -Generating unique operation named: listUsingGET_12
2019-01-18 21:50:48 -Generating unique operation named: removeUsingPOST_17
2019-01-18 21:50:48 -Generating unique operation named: removeUsingPOST_18
2019-01-18 21:50:48 -Generating unique operation named: saveUsingPOST_8
2019-01-18 21:50:48 -Generating unique operation named: updateUsingGET_6
2019-01-18 21:50:48 -Generating unique operation named: updateUsingHEAD_6
2019-01-18 21:50:48 -Generating unique operation named: updateUsingPOST_9
2019-01-18 21:50:48 -Generating unique operation named: updateUsingPUT_6
2019-01-18 21:50:48 -Generating unique operation named: updateUsingPATCH_6
2019-01-18 21:50:48 -Generating unique operation named: updateUsingDELETE_6
2019-01-18 21:50:48 -Generating unique operation named: updateUsingOPTIONS_6
2019-01-18 21:50:48 -Generating unique operation named: updateUsingTRACE_6
2019-01-18 21:50:48 -Generating unique operation named: addUsingGET_10
2019-01-18 21:50:48 -Generating unique operation named: batchRemoveUsingPOST_3
2019-01-18 21:50:48 -Generating unique operation named: editUsingGET_11
2019-01-18 21:50:48 -Generating unique operation named: listUsingGET_13
2019-01-18 21:50:48 -Generating unique operation named: saveUsingPOST_9
2019-01-18 21:50:48 -Generating unique operation named: saveUsingPOST_10
2019-01-18 21:50:48 -Generating unique operation named: updateUsingPOST_10
2019-01-18 21:50:48 -Generating unique operation named: addUsingGET_11
2019-01-18 21:50:48 -Generating unique operation named: editUsingGET_12
2019-01-18 21:50:48 -Generating unique operation named: listUsingGET_14
2019-01-18 21:50:48 -Generating unique operation named: removeUsingPOST_19
2019-01-18 21:50:48 -Generating unique operation named: removeUsingPOST_20
2019-01-18 21:50:48 -Generating unique operation named: updateUsingGET_7
2019-01-18 21:50:48 -Generating unique operation named: updateUsingHEAD_7
2019-01-18 21:50:48 -Generating unique operation named: updateUsingPOST_11
2019-01-18 21:50:48 -Generating unique operation named: updateUsingPUT_7
2019-01-18 21:50:48 -Generating unique operation named: updateUsingPATCH_7
2019-01-18 21:50:49 -Generating unique operation named: updateUsingDELETE_7
2019-01-18 21:50:49 -Generating unique operation named: updateUsingOPTIONS_7
2019-01-18 21:50:49 -Generating unique operation named: updateUsingTRACE_7
2019-01-18 21:50:49 -Generating unique operation named: listUsingGET_15
2019-01-18 21:50:49 -Generating unique operation named: listUsingHEAD_1
2019-01-18 21:50:49 -Generating unique operation named: listUsingPOST_1
2019-01-18 21:50:49 -Generating unique operation named: listUsingPUT_1
2019-01-18 21:50:49 -Generating unique operation named: listUsingPATCH_1
2019-01-18 21:50:49 -Generating unique operation named: listUsingDELETE_1
2019-01-18 21:50:49 -Generating unique operation named: listUsingOPTIONS_1
2019-01-18 21:50:49 -Generating unique operation named: listUsingTRACE_1
2019-01-18 21:50:49 -Generating unique operation named: addUsingGET_12
2019-01-18 21:50:49 -Generating unique operation named: editUsingGET_13
2019-01-18 21:50:49 -Generating unique operation named: listUsingGET_16
2019-01-18 21:50:49 -Generating unique operation named: removeUsingPOST_21
2019-01-18 21:50:49 -Generating unique operation named: removeUsingPOST_22
2019-01-18 21:50:49 -Generating unique operation named: saveUsingPOST_11
2019-01-18 21:50:49 -Generating unique operation named: updateUsingGET_8
2019-01-18 21:50:49 -Generating unique operation named: updateUsingHEAD_8
2019-01-18 21:50:49 -Generating unique operation named: updateUsingPOST_12
2019-01-18 21:50:49 -Generating unique operation named: updateUsingPUT_8
2019-01-18 21:50:49 -Generating unique operation named: updateUsingPATCH_8
2019-01-18 21:50:49 -Generating unique operation named: updateUsingDELETE_8
2019-01-18 21:50:49 -Generating unique operation named: updateUsingOPTIONS_8
2019-01-18 21:50:49 -Generating unique operation named: updateUsingTRACE_8
2019-01-18 21:50:49 -Generating unique operation named: addUsingGET_13
2019-01-18 21:50:49 -Generating unique operation named: editUsingGET_14
2019-01-18 21:50:49 -Generating unique operation named: listUsingGET_17
2019-01-18 21:50:49 -Generating unique operation named: removeUsingPOST_23
2019-01-18 21:50:49 -Generating unique operation named: removeUsingPOST_24
2019-01-18 21:50:49 -Generating unique operation named: saveUsingPOST_12
2019-01-18 21:50:49 -Generating unique operation named: updateUsingGET_9
2019-01-18 21:50:49 -Generating unique operation named: updateUsingHEAD_9
2019-01-18 21:50:49 -Generating unique operation named: updateUsingPOST_13
2019-01-18 21:50:49 -Generating unique operation named: updateUsingPUT_9
2019-01-18 21:50:49 -Generating unique operation named: updateUsingPATCH_9
2019-01-18 21:50:49 -Generating unique operation named: updateUsingDELETE_9
2019-01-18 21:50:49 -Generating unique operation named: updateUsingOPTIONS_9
2019-01-18 21:50:49 -Generating unique operation named: updateUsingTRACE_9
2019-01-18 21:50:49 -Generating unique operation named: listUsingGET_18
2019-01-18 21:50:49 -Generating unique operation named: addUsingGET_14
2019-01-18 21:50:49 -Generating unique operation named: batchRemoveUsingPOST_4
2019-01-18 21:50:49 -Generating unique operation named: editUsingGET_15
2019-01-18 21:50:49 -Generating unique operation named: listUsingGET_19
2019-01-18 21:50:49 -Generating unique operation named: removeUsingPOST_25
2019-01-18 21:50:49 -Generating unique operation named: saveUsingPOST_13
2019-01-18 21:50:49 -Generating unique operation named: treeUsingGET_3
2019-01-18 21:50:49 -Generating unique operation named: treeViewUsingGET_1
2019-01-18 21:50:50 -Generating unique operation named: updateUsingPOST_14
2019-01-18 21:50:50 -Generating unique operation named: addUsingGET_15
2019-01-18 21:50:50 -Generating unique operation named: editUsingGET_16
2019-01-18 21:50:50 -Generating unique operation named: listUsingGET_20
2019-01-18 21:50:50 -Generating unique operation named: listUsingHEAD_2
2019-01-18 21:50:50 -Generating unique operation named: listUsingPOST_2
2019-01-18 21:50:50 -Generating unique operation named: listUsingPUT_2
2019-01-18 21:50:50 -Generating unique operation named: listUsingPATCH_2
2019-01-18 21:50:50 -Generating unique operation named: listUsingDELETE_2
2019-01-18 21:50:50 -Generating unique operation named: listUsingOPTIONS_2
2019-01-18 21:50:50 -Generating unique operation named: listUsingTRACE_2
2019-01-18 21:50:50 -Generating unique operation named: menuUsingGET_1
2019-01-18 21:50:50 -Generating unique operation named: removeUsingPOST_26
2019-01-18 21:50:50 -Generating unique operation named: saveUsingPOST_14
2019-01-18 21:50:50 -Generating unique operation named: treeUsingGET_4
2019-01-18 21:50:50 -Generating unique operation named: treeUsingGET_5
2019-01-18 21:50:50 -Generating unique operation named: updateUsingPOST_15
2019-01-18 21:50:50 -Starting Quartz Scheduler now
2019-01-18 21:50:50 -Scheduler schedulerFactoryBean_$_NON_CLUSTERED started.
2019-01-18 21:50:50 -Starting...
2019-01-18 21:50:50 -BrokerAvailabilityEvent[available=true, SimpleBrokerMessageHandler [DefaultSubscriptionRegistry[cache[0 destination(s)], registry[0 sessions]]]]
2019-01-18 21:50:50 -Started.
2019-01-18 21:50:50 -Initializing ProtocolHandler ["http-nio-8999"]
2019-01-18 21:50:50 -Starting ProtocolHandler ["http-nio-8999"]
2019-01-18 21:50:50 -Using a shared selector for servlet write/read
2019-01-18 21:50:50 -Tomcat started on port(s): 8999 (http)
2019-01-18 21:50:50 -==>  Preparing: select `id`,`cron_expression`,`method_name`,`is_concurrent`,`description`,`update_by`,`bean_class`,`create_date`,`job_status`,`job_group`,`update_date`,`create_by`,`spring_bean`,`job_name` from sys_task order by id desc 
2019-01-18 21:50:50 -==> Parameters: 
2019-01-18 21:50:50 -<==      Total: 1
2019-01-18 21:50:50 -Started BootdoApplication in 50.773 seconds (JVM running for 52.418)
2019-01-18 21:51:38 -WebSocketSession[0 current WS(0)-HttpStream(0)-HttpPoll(0), 0 total, 0 closed abnormally (0 connect failure, 0 send limit, 0 transport error)], stompSubProtocol[processed CONNECT(0)-CONNECTED(0)-DISCONNECT(0)], stompBrokerRelay[null], inboundChannel[pool size = 0, active threads = 0, queued tasks = 0, completed tasks = 0], outboundChannelpool size = 0, active threads = 0, queued tasks = 0, completed tasks = 0], sockJsScheduler[pool size = 1, active threads = 1, queued tasks = 0, completed tasks = 0]
2019-01-18 21:52:24 -Initializing Spring FrameworkServlet 'dispatcherServlet'
2019-01-18 21:52:24 -FrameworkServlet 'dispatcherServlet': initialization started
2019-01-18 21:52:24 -FrameworkServlet 'dispatcherServlet': initialization completed in 76 ms
2019-01-18 21:52:24 -Enabling session validation scheduler...
2019-01-18 21:52:24 - : http://localhost:8999/
2019-01-18 21:52:24 -HTTP METHOD : GET
2019-01-18 21:52:24 -CLASS_METHOD : com.bootdo.system.controller.LoginController.welcome
2019-01-18 21:52:24 - : [{}]
2019-01-18 21:52:24 - : 8
2019-01-18 21:52:24 - : redirect:/blog
2019-01-18 21:52:24 - : http://localhost:8999/blog
2019-01-18 21:52:24 -HTTP METHOD : GET
2019-01-18 21:52:24 -CLASS_METHOD : com.bootdo.blog.controller.BlogController.blog
2019-01-18 21:52:24 - : []
2019-01-18 21:52:24 - : 1
2019-01-18 21:52:24 - : blog/index/main
2019-01-18 21:52:24 -[THYMELEAF] INITIALIZING TEMPLATE ENGINE
2019-01-18 21:52:24 -[THYMELEAF] INITIALIZING TEMPLATE RESOLVER: org.thymeleaf.spring4.templateresolver.SpringResourceTemplateResolver
2019-01-18 21:52:24 -[THYMELEAF] TEMPLATE RESOLVER INITIALIZED OK
2019-01-18 21:52:24 -[THYMELEAF] INITIALIZING MESSAGE RESOLVER: org.thymeleaf.spring4.messageresolver.SpringMessageResolver
2019-01-18 21:52:24 -[THYMELEAF] MESSAGE RESOLVER INITIALIZED OK
2019-01-18 21:52:24 -[THYMELEAF] TEMPLATE ENGINE CONFIGURATION:
[THYMELEAF] * Cache Factory implementation: org.thymeleaf.cache.StandardCacheManager
[THYMELEAF] * Template modes:
[THYMELEAF]     * VALIDXHTML
[THYMELEAF]     * XML
[THYMELEAF]     * VALIDXML
[THYMELEAF]     * XHTML
[THYMELEAF]     * LEGACYHTML5
[THYMELEAF]     * HTML5
[THYMELEAF] * Template resolvers (in order):
[THYMELEAF]     * org.thymeleaf.spring4.templateresolver.SpringResourceTemplateResolver
[THYMELEAF] * Message resolvers (in order):
[THYMELEAF]     * org.thymeleaf.spring4.messageresolver.SpringMessageResolver
[THYMELEAF] * Dialect [1 of 3]: org.thymeleaf.spring4.dialect.SpringStandardDialect
[THYMELEAF]     * Prefix: "th"
[THYMELEAF] * Dialect [2 of 3]: at.pollux.thymeleaf.shiro.dialect.ShiroDialect
[THYMELEAF]     * Prefix: "shiro"
[THYMELEAF] * Dialect [3 of 3]: nz.net.ultraq.thymeleaf.LayoutDialect
[THYMELEAF]     * Prefix: "layout"
[THYMELEAF] TEMPLATE ENGINE CONFIGURED OK
2019-01-18 21:52:24 -[THYMELEAF] TEMPLATE ENGINE INITIALIZED
2019-01-18 21:52:27 - : http://localhost:8999/blog/open/list
2019-01-18 21:52:27 -HTTP METHOD : GET
2019-01-18 21:52:27 -CLASS_METHOD : com.bootdo.blog.controller.BlogController.opentList
2019-01-18 21:52:27 - : [{type=article, limit=10, offset=0}]
2019-01-18 21:52:27 -==>  Preparing: select `cid`,`title`,`slug`,`created`,`modified`,`content`,`type`,`tags`,`categories`,`hits`,`comments_num`,`allow_comment`,`allow_ping`,`allow_feed`,`status`,`author`,`gtm_create`,`gtm_modified` from blog_content WHERE type = ? order by cid desc limit 0, 10 
2019-01-18 21:52:27 -==> Parameters: article(String)
2019-01-18 21:52:27 -<==      Total: 10
2019-01-18 21:52:27 -==>  Preparing: select count(*) from blog_content WHERE type = ? 
2019-01-18 21:52:27 -==> Parameters: article(String)
2019-01-18 21:52:27 - : http://localhost:8999/login;JSESSIONID=8e969ed8-0491-4cd7-8691-3305ced44d7c
2019-01-18 21:52:27 -HTTP METHOD : GET
2019-01-18 21:52:27 -CLASS_METHOD : com.bootdo.system.controller.LoginController.login
2019-01-18 21:52:27 - : []
2019-01-18 21:52:27 - : 1
2019-01-18 21:52:27 - : login
2019-01-18 21:52:27 -<==      Total: 1
2019-01-18 21:52:27 - : 441
2019-01-18 21:52:27 - : com.bootdo.common.utils.PageUtils@7cc85a6f
2019-01-18 21:52:35 - : http://localhost:8999/blog/open/post/75
2019-01-18 21:52:35 -HTTP METHOD : GET
2019-01-18 21:52:35 -CLASS_METHOD : com.bootdo.blog.controller.BlogController.post
2019-01-18 21:52:35 - : [75, {}]
2019-01-18 21:52:35 -==>  Preparing: select `cid`,`title`,`slug`,`created`,`modified`,`content`,`type`,`tags`,`categories`,`hits`,`comments_num`,`allow_comment`,`allow_ping`,`allow_feed`,`status`,`author`,`gtm_create`,`gtm_modified` from blog_content where cid = ? 
2019-01-18 21:52:35 -==> Parameters: 75(Long)
2019-01-18 21:52:35 -<==      Total: 1
2019-01-18 21:52:35 - : 41
2019-01-18 21:52:35 - : blog/index/post
2019-01-18 21:52:37 - : http://localhost:8999/login
2019-01-18 21:52:37 -HTTP METHOD : GET
2019-01-18 21:52:37 -CLASS_METHOD : com.bootdo.system.controller.LoginController.login
2019-01-18 21:52:37 - : []
2019-01-18 21:52:37 - : 0
2019-01-18 21:52:37 - : login
2019-01-18 21:52:39 - : http://localhost:8999/login
2019-01-18 21:52:39 -HTTP METHOD : GET
2019-01-18 21:52:39 -CLASS_METHOD : com.bootdo.system.controller.LoginController.login
2019-01-18 21:52:39 - : []
2019-01-18 21:52:39 - : 1
2019-01-18 21:52:39 - : login
2019-01-18 21:52:41 - : http://localhost:8999/login
2019-01-18 21:52:41 -HTTP METHOD : POST
2019-01-18 21:52:41 -CLASS_METHOD : com.bootdo.system.controller.LoginController.ajaxLogin
2019-01-18 21:52:41 - : [admin, 111111]
2019-01-18 21:52:41 -==>  Preparing: select `user_id`,`username`,`name`,`password`,`dept_id`,`email`,`mobile`,`status`,`user_id_create`,`gmt_create`,`gmt_modified`,`sex`,`birth`,`pic_id`,`live_address`,`hobby`,`province`,`city`,`district` from sys_user WHERE username = ? order by user_id desc 
2019-01-18 21:52:41 -==> Parameters: admin(String)
2019-01-18 21:52:41 -<==      Total: 1
2019-01-18 21:52:41 - : 132
2019-01-18 21:52:41 - : {msg=, code=0}
2019-01-18 21:52:41 -More than one TaskExecutor bean found within the context, and none is named 'taskExecutor'. Mark one of them as primary or name it 'taskExecutor' (possibly as an alias) in order to use it for async processing: [clientInboundChannelExecutor, clientOutboundChannelExecutor, brokerChannelExecutor, messageBrokerTaskScheduler]
2019-01-18 21:52:41 -==>  Preparing: insert into sys_log ( `user_id`, `username`, `operation`, `time`, `method`, `params`, `ip`, `gmt_create` ) values ( ?, ?, ?, ?, ?, ?, ?, ? ) 
2019-01-18 21:52:41 -==> Parameters: 1(Long), admin(String), (String), 133(Integer), com.bootdo.system.controller.LoginController.ajaxLogin()(String), null, 127.0.0.1(String), 2019-01-18 21:52:41.864(Timestamp)
2019-01-18 21:52:41 -<==    Updates: 1
2019-01-18 21:52:42 - : http://localhost:8999/index
2019-01-18 21:52:42 -HTTP METHOD : GET
2019-01-18 21:52:42 -CLASS_METHOD : com.bootdo.system.controller.LoginController.index
2019-01-18 21:52:42 - : [{}]
2019-01-18 21:52:42 -==>  Preparing: select distinct m.menu_id , parent_id, name, url, perms,`type`,icon,order_num,gmt_create, gmt_modified from sys_menu m left join sys_role_menu rm on m.menu_id = rm.menu_id left join sys_user_role ur on rm.role_id =ur.role_id where ur.user_id = ? and m.type in(0,1) order by m.order_num 
2019-01-18 21:52:42 -==> Parameters: 1(Long)
2019-01-18 21:52:42 -<==      Total: 23
2019-01-18 21:52:42 -==>  Preparing: select `id`,`type`,`url`,`create_date` from sys_file where id = ? 
2019-01-18 21:52:42 -==> Parameters: 138(Long)
2019-01-18 21:52:42 -<==      Total: 0
2019-01-18 21:52:42 - : 228
2019-01-18 21:52:42 - : index_v1
2019-01-18 21:52:42 -==>  Preparing: insert into sys_log ( `user_id`, `username`, `operation`, `time`, `method`, `params`, `ip`, `gmt_create` ) values ( ?, ?, ?, ?, ?, ?, ?, ? ) 
2019-01-18 21:52:42 -==> Parameters: 1(Long), admin(String), (String), 230(Integer), com.bootdo.system.controller.LoginController.index()(String), null, 127.0.0.1(String), 2019-01-18 21:52:42.466(Timestamp)
2019-01-18 21:52:42 -<==    Updates: 1
2019-01-18 21:52:43 - : http://localhost:8999/main
2019-01-18 21:52:43 -HTTP METHOD : GET
2019-01-18 21:52:43 -CLASS_METHOD : com.bootdo.system.controller.LoginController.main
2019-01-18 21:52:43 - : []
2019-01-18 21:52:43 - : 1
2019-01-18 21:52:43 - : main
2019-01-18 21:52:44 - : http://localhost:8999/oa/notify/message
2019-01-18 21:52:44 -HTTP METHOD : GET
2019-01-18 21:52:44 -CLASS_METHOD : com.bootdo.oa.controller.NotifyController.message
2019-01-18 21:52:44 - : []
2019-01-18 21:52:44 -==>  Preparing: select DISTINCT n.id ,`type`,`title`,`content`,`files`,r.is_read,`status`,`create_by`,`create_date`,`update_by`,`update_date`,`remarks`,`del_flag` from oa_notify_record r right JOIN oa_notify n on r.notify_id = n.id WHERE r.is_read = ? and r.user_id = ? order by is_read ASC, update_date DESC limit ?, ? 
2019-01-18 21:52:44 -==> Parameters: 0(String), 1(Long), 0(Integer), 3(Integer)
2019-01-18 21:52:44 -<==      Total: 0
2019-01-18 21:52:44 -==>  Preparing: select count(*) from oa_notify_record r right JOIN oa_notify n on r.notify_id = n.id where r.user_id =? and r.is_read = ? 
2019-01-18 21:52:44 -==> Parameters: 1(Long), 0(String)
2019-01-18 21:52:44 -<==      Total: 1
2019-01-18 21:52:44 - : 89
2019-01-18 21:52:44 - : com.bootdo.common.utils.PageUtils@2cad594e
2019-01-18 21:52:44 - : http://localhost:8999/main
2019-01-18 21:52:44 -HTTP METHOD : GET
2019-01-18 21:52:44 -CLASS_METHOD : com.bootdo.system.controller.LoginController.main
2019-01-18 21:52:44 - : []
2019-01-18 21:52:44 - : 1
2019-01-18 21:52:44 - : main
