2018-09-17 18:42:13 -Starting BootdoApplication on MS-20170813JNGD with PID 5672 (D:\workspace\bootdo\target\classes started by Administrator in D:\workspace\bootdo)
2018-09-17 18:42:13 -The following profiles are active: pro
2018-09-17 18:42:54 -Started BootdoApplication in 43.206 seconds (JVM running for 44.664)
2018-09-17 18:44:31 -请求地址 : http://localhost:8999/login;JSESSIONID=df5dfc45-9995-4d49-b045-e4e1a8492042
2018-09-17 18:44:31 -HTTP METHOD : GET
2018-09-17 18:44:31 -CLASS_METHOD : com.bootdo.system.controller.LoginController.login
2018-09-17 18:44:31 -参数 : []
2018-09-17 18:44:31 -耗时 : 12
2018-09-17 18:44:34 -请求地址 : http://localhost:8999/login
2018-09-17 18:44:34 -HTTP METHOD : GET
2018-09-17 18:44:34 -CLASS_METHOD : com.bootdo.system.controller.LoginController.login
2018-09-17 18:44:34 -参数 : []
2018-09-17 18:44:34 -耗时 : 0
2018-09-17 18:44:35 -请求地址 : http://localhost:8999/login
2018-09-17 18:44:35 -HTTP METHOD : POST
2018-09-17 18:44:35 -CLASS_METHOD : com.bootdo.system.controller.LoginController.ajaxLogin
2018-09-17 18:44:35 -参数 : [admin, 111111]
2018-09-17 18:44:36 -耗时 : 360
2018-09-17 18:44:36 -请求地址 : http://localhost:8999/index
2018-09-17 18:44:36 -HTTP METHOD : GET
2018-09-17 18:44:36 -CLASS_METHOD : com.bootdo.system.controller.LoginController.index
2018-09-17 18:44:36 -参数 : [{}]
2018-09-17 18:44:37 -耗时 : 492
2018-09-17 18:44:37 -请求地址 : http://localhost:8999/main
2018-09-17 18:44:37 -HTTP METHOD : GET
2018-09-17 18:44:37 -CLASS_METHOD : com.bootdo.system.controller.LoginController.main
2018-09-17 18:44:37 -参数 : []
2018-09-17 18:44:37 -耗时 : 1
2018-09-17 18:44:38 -请求地址 : http://localhost:8999/main
2018-09-17 18:44:38 -HTTP METHOD : GET
2018-09-17 18:44:38 -CLASS_METHOD : com.bootdo.system.controller.LoginController.main
2018-09-17 18:44:38 -参数 : []
2018-09-17 18:44:38 -耗时 : 11
2018-09-17 18:44:40 -请求地址 : http://localhost:8999/oa/notify/message
2018-09-17 18:44:40 -HTTP METHOD : GET
2018-09-17 18:44:40 -CLASS_METHOD : com.bootdo.oa.controller.NotifyController.message
2018-09-17 18:44:40 -参数 : []
2018-09-17 18:44:40 -耗时 : 180
2018-09-17 18:44:52 -请求地址 : http://localhost:8999/wechat/menu
2018-09-17 18:44:52 -HTTP METHOD : GET
2018-09-17 18:44:52 -CLASS_METHOD : com.bootdo.wechat.controller.WechatMenuController.menu
2018-09-17 18:44:52 -参数 : [{}]
2018-09-17 18:44:52 -耗时 : 1
2018-09-17 18:44:53 -请求地址 : http://localhost:8999/wechat/menu/list
2018-09-17 18:44:53 -HTTP METHOD : GET
2018-09-17 18:44:53 -CLASS_METHOD : com.bootdo.wechat.controller.WechatMenuController.list
2018-09-17 18:44:53 -参数 : [{sort=order_num}]
2018-09-17 18:44:53 -耗时 : 122
2018-09-17 18:45:45 -请求地址 : http://localhost:8999/login;JSESSIONID=1aca9c84-1e13-4eea-94f9-4d3ad568b401
2018-09-17 18:45:45 -HTTP METHOD : GET
2018-09-17 18:45:45 -CLASS_METHOD : com.bootdo.system.controller.LoginController.login
2018-09-17 18:45:45 -参数 : []
2018-09-17 18:45:45 -耗时 : 1
2018-09-17 18:45:46 -请求地址 : http://localhost:8999/login
2018-09-17 18:45:46 -HTTP METHOD : GET
2018-09-17 18:45:46 -CLASS_METHOD : com.bootdo.system.controller.LoginController.login
2018-09-17 18:45:46 -参数 : []
2018-09-17 18:45:46 -耗时 : 2
2018-09-17 18:45:48 -请求地址 : http://localhost:8999/login
2018-09-17 18:45:48 -HTTP METHOD : POST
2018-09-17 18:45:48 -CLASS_METHOD : com.bootdo.system.controller.LoginController.ajaxLogin
2018-09-17 18:45:48 -参数 : [admin, 111111]
2018-09-17 18:45:48 -耗时 : 36
2018-09-17 18:45:48 -请求地址 : http://localhost:8999/index
2018-09-17 18:45:48 -HTTP METHOD : GET
2018-09-17 18:45:48 -CLASS_METHOD : com.bootdo.system.controller.LoginController.index
2018-09-17 18:45:48 -参数 : [{}]
2018-09-17 18:45:48 -耗时 : 69
2018-09-17 18:45:49 -请求地址 : http://localhost:8999/main
2018-09-17 18:45:49 -HTTP METHOD : GET
2018-09-17 18:45:49 -CLASS_METHOD : com.bootdo.system.controller.LoginController.main
2018-09-17 18:45:49 -参数 : []
2018-09-17 18:45:49 -耗时 : 1
2018-09-17 18:45:50 -请求地址 : http://localhost:8999/oa/notify/message
2018-09-17 18:45:50 -HTTP METHOD : GET
2018-09-17 18:45:50 -CLASS_METHOD : com.bootdo.oa.controller.NotifyController.message
2018-09-17 18:45:50 -参数 : []
2018-09-17 18:45:50 -请求地址 : http://localhost:8999/main
2018-09-17 18:45:50 -HTTP METHOD : GET
2018-09-17 18:45:50 -CLASS_METHOD : com.bootdo.system.controller.LoginController.main
2018-09-17 18:45:50 -参数 : []
2018-09-17 18:45:50 -耗时 : 3
2018-09-17 18:45:50 -耗时 : 29
2018-09-17 18:45:54 -请求地址 : http://localhost:8999/wechat/menu
2018-09-17 18:45:54 -HTTP METHOD : GET
2018-09-17 18:45:54 -CLASS_METHOD : com.bootdo.wechat.controller.WechatMenuController.menu
2018-09-17 18:45:54 -参数 : [{}]
2018-09-17 18:45:54 -耗时 : 1
2018-09-17 18:45:54 -请求地址 : http://localhost:8999/wechat/menu/list
2018-09-17 18:45:54 -HTTP METHOD : GET
2018-09-17 18:45:54 -CLASS_METHOD : com.bootdo.wechat.controller.WechatMenuController.list
2018-09-17 18:45:54 -参数 : [{sort=order_num}]
2018-09-17 18:45:54 -耗时 : 52
2018-09-17 18:46:01 -请求地址 : http://localhost:8999/wechat/menu/add/12
2018-09-17 18:46:01 -HTTP METHOD : GET
2018-09-17 18:46:01 -CLASS_METHOD : com.bootdo.wechat.controller.WechatMenuController.add
2018-09-17 18:46:01 -参数 : [{}, 12]
2018-09-17 18:46:01 -耗时 : 39
2018-09-17 18:46:14 -请求地址 : http://localhost:8999/wechat/menu
2018-09-17 18:46:14 -HTTP METHOD : GET
2018-09-17 18:46:14 -CLASS_METHOD : com.bootdo.wechat.controller.WechatMenuController.menu
2018-09-17 18:46:14 -参数 : [{}]
2018-09-17 18:46:14 -耗时 : 1
2018-09-17 18:46:15 -请求地址 : http://localhost:8999/wechat/menu/list
2018-09-17 18:46:15 -HTTP METHOD : GET
2018-09-17 18:46:15 -CLASS_METHOD : com.bootdo.wechat.controller.WechatMenuController.list
2018-09-17 18:46:15 -参数 : [{sort=order_num}]
2018-09-17 18:46:15 -耗时 : 90
2018-09-17 18:46:31 -请求地址 : http://localhost:8999/wechat/menu/add/3
2018-09-17 18:46:31 -HTTP METHOD : GET
2018-09-17 18:46:31 -CLASS_METHOD : com.bootdo.wechat.controller.WechatMenuController.add
2018-09-17 18:46:31 -参数 : [{}, 3]
2018-09-17 18:46:32 -耗时 : 69
2018-09-17 18:50:31 -请求地址 : http://localhost:8999/wechat/menu/save
2018-09-17 18:50:31 -HTTP METHOD : POST
2018-09-17 18:50:31 -CLASS_METHOD : com.bootdo.wechat.controller.WechatMenuController.save
2018-09-17 18:50:31 -参数 : [MenuDO{menuId=null, parentId=3, name='VIP会员招募中...', url='https://mp.weixin.qq.com/mp/homepage?__biz=MzUzNDcyNjQzOA%3D%3D&hid=5&sn=efc87c5397aad4af5365e71867ce9139', perms='', type=1, icon='', orderNum=3, gmtCreate=null, gmtModified=null}]
2018-09-17 18:50:32 -耗时 : 465
2018-09-17 18:50:32 -请求地址 : http://localhost:8999/wechat/menu/list
2018-09-17 18:50:32 -HTTP METHOD : GET
2018-09-17 18:50:32 -CLASS_METHOD : com.bootdo.wechat.controller.WechatMenuController.list
2018-09-17 18:50:32 -参数 : [{sort=order_num}]
2018-09-17 18:50:32 -耗时 : 100
